mode: set
mail/MessageSMTP/main.go:48.53,50.2 1 0
mail/MessageSMTP/main.go:52.76,54.2 1 0
mail/MessageSMTP/main.go:56.72,57.10 1 0
mail/MessageSMTP/main.go:57.10,58.29 1 0
mail/MessageSMTP/main.go:59.20,60.34 1 0
mail/MessageSMTP/main.go:61.20,62.34 1 0
mail/MessageSMTP/main.go:63.11,64.49 1 0
mail/MessageSMTP/main.go:67.2,67.17 1 0
mail/MessageSMTP/main.go:70.13,93.16 12 0
mail/MessageSMTP/main.go:93.16,95.3 1 0
mail/MessageSMTP/main.go:97.2,97.19 1 0
mail/docs/docs.go:857.13,859.2 1 0
mail/pkg/delivery/response.go:22.73,30.2 4 0
mail/pkg/delivery/response.go:33.69,41.2 4 0
mail/cmd/mail/main.go:45.13,59.16 10 0
mail/cmd/mail/main.go:59.16,61.3 1 0
mail/cmd/mail/main.go:62.2,68.21 4 0
mail/cmd/mail/main.go:71.20,73.16 2 0
mail/cmd/mail/main.go:73.16,75.3 1 0
mail/cmd/mail/main.go:77.2,77.18 1 0
mail/cmd/mail/main.go:80.35,84.16 3 0
mail/cmd/mail/main.go:84.16,86.3 1 0
mail/cmd/mail/main.go:88.2,89.16 2 0
mail/cmd/mail/main.go:89.16,91.3 1 0
mail/cmd/mail/main.go:93.2,95.11 2 0
mail/cmd/mail/main.go:98.34,104.25 3 0
mail/cmd/mail/main.go:104.25,106.3 1 0
mail/cmd/mail/main.go:109.69,118.2 6 0
mail/cmd/mail/main.go:120.104,128.2 3 0
mail/cmd/mail/main.go:130.107,138.2 3 0
mail/cmd/mail/main.go:140.104,148.2 3 0
mail/cmd/mail/main.go:150.54,156.2 4 0
mail/cmd/mail/main.go:158.166,174.2 10 0
mail/cmd/mail/main.go:176.135,186.2 7 0
mail/cmd/mail/main.go:188.134,205.2 14 0
mail/cmd/mail/main.go:207.39,223.16 7 0
mail/cmd/mail/main.go:223.16,225.3 1 0
mail/cmd/mail/main.go:228.92,230.12 2 0
mail/cmd/mail/main.go:230.12,231.7 1 0
mail/cmd/mail/main.go:231.7,232.11 1 0
mail/cmd/mail/main.go:233.20,235.19 2 0
mail/cmd/mail/main.go:235.19,237.6 1 0
mail/pkg/domain/mock/email_repository_mock.go:26.75,30.2 3 0
mail/pkg/domain/mock/email_repository_mock.go:33.73,35.2 1 0
mail/pkg/domain/mock/email_repository_mock.go:38.104,45.2 6 0
mail/pkg/domain/mock/email_repository_mock.go:48.91,51.2 2 0
mail/pkg/domain/mock/email_repository_mock.go:54.106,59.2 4 0
mail/pkg/domain/mock/email_repository_mock.go:62.125,65.2 2 0
mail/pkg/domain/mock/email_repository_mock.go:68.88,74.2 5 0
mail/pkg/domain/mock/email_repository_mock.go:77.98,80.2 2 0
mail/pkg/domain/mock/email_repository_mock.go:83.72,88.2 4 0
mail/pkg/domain/mock/email_repository_mock.go:91.97,94.2 2 0
mail/pkg/domain/mock/email_repository_mock.go:97.115,103.2 5 0
mail/pkg/domain/mock/email_repository_mock.go:106.117,109.2 2 0
mail/pkg/domain/mock/email_repository_mock.go:112.111,118.2 5 0
mail/pkg/domain/mock/email_repository_mock.go:121.113,124.2 2 0
mail/pkg/domain/mock/email_repository_mock.go:127.98,133.2 5 0
mail/pkg/domain/mock/email_repository_mock.go:136.99,139.2 2 0
mail/pkg/domain/mock/email_repository_mock.go:142.94,148.2 5 0
mail/pkg/domain/mock/email_repository_mock.go:151.97,154.2 2 0
mail/pkg/domain/mock/email_service_mock.go:26.69,30.2 3 0
mail/pkg/domain/mock/email_service_mock.go:33.67,35.2 1 0
mail/pkg/domain/mock/email_service_mock.go:38.83,43.2 4 0
mail/pkg/domain/mock/email_service_mock.go:46.108,49.2 2 0
mail/pkg/domain/mock/email_service_mock.go:52.112,59.2 6 0
mail/pkg/domain/mock/email_service_mock.go:62.99,65.2 2 0
mail/pkg/domain/mock/email_service_mock.go:68.106,73.2 4 0
mail/pkg/domain/mock/email_service_mock.go:76.125,79.2 2 0
mail/pkg/domain/mock/email_service_mock.go:82.90,88.2 5 0
mail/pkg/domain/mock/email_service_mock.go:91.100,94.2 2 0
mail/pkg/domain/mock/email_service_mock.go:97.118,103.2 5 0
mail/pkg/domain/mock/email_service_mock.go:106.120,109.2 2 0
mail/pkg/domain/mock/email_service_mock.go:112.114,118.2 5 0
mail/pkg/domain/mock/email_service_mock.go:121.116,124.2 2 0
mail/pkg/domain/mock/email_service_mock.go:127.100,133.2 5 0
mail/pkg/domain/mock/email_service_mock.go:136.101,139.2 2 0
mail/pkg/domain/mock/email_service_mock.go:142.100,148.2 5 0
mail/pkg/domain/mock/email_service_mock.go:151.103,154.2 2 0
mail/pkg/domain/mock/manager_mock.go:27.75,31.2 3 0
mail/pkg/domain/mock/manager_mock.go:34.73,36.2 1 0
mail/pkg/domain/mock/manager_mock.go:39.97,45.2 5 0
mail/pkg/domain/mock/manager_mock.go:48.89,51.2 2 0
mail/pkg/domain/mock/manager_mock.go:54.90,59.2 4 0
mail/pkg/domain/mock/manager_mock.go:62.101,65.2 2 0
mail/pkg/domain/mock/manager_mock.go:68.119,74.2 5 0
mail/pkg/domain/mock/manager_mock.go:77.98,80.2 2 0
mail/pkg/domain/mock/manager_mock.go:83.110,88.2 4 0
mail/pkg/domain/mock/manager_mock.go:91.101,94.2 2 0
mail/pkg/domain/mock/manager_mock.go:97.100,103.2 5 0
mail/pkg/domain/mock/manager_mock.go:106.101,109.2 2 0
mail/pkg/domain/mock/manager_mock.go:112.93,117.2 4 0
mail/pkg/domain/mock/manager_mock.go:120.94,123.2 2 0
mail/pkg/domain/mock/session_repository_mock.go:26.79,30.2 3 0
mail/pkg/domain/mock/session_repository_mock.go:33.77,35.2 1 0
mail/pkg/domain/mock/session_repository_mock.go:38.118,44.2 5 0
mail/pkg/domain/mock/session_repository_mock.go:47.122,50.2 2 0
mail/pkg/domain/mock/session_repository_mock.go:53.63,58.2 4 0
mail/pkg/domain/mock/session_repository_mock.go:61.83,64.2 2 0
mail/pkg/domain/mock/session_repository_mock.go:67.86,72.2 4 0
mail/pkg/domain/mock/session_repository_mock.go:75.111,78.2 2 0
mail/pkg/domain/mock/session_repository_mock.go:81.98,87.2 5 0
mail/pkg/domain/mock/session_repository_mock.go:90.113,93.2 2 0
mail/pkg/domain/mock/session_repository_mock.go:96.102,102.2 5 0
mail/pkg/domain/mock/session_repository_mock.go:105.108,108.2 2 0
mail/pkg/domain/mock/session_service_mock.go:26.73,30.2 3 0
mail/pkg/domain/mock/session_service_mock.go:33.71,35.2 1 0
mail/pkg/domain/mock/session_service_mock.go:38.61,43.2 4 0
mail/pkg/domain/mock/session_service_mock.go:46.81,49.2 2 0
mail/pkg/domain/mock/session_service_mock.go:52.118,58.2 5 0
mail/pkg/domain/mock/session_service_mock.go:61.122,64.2 2 0
mail/pkg/domain/mock/session_service_mock.go:67.79,72.2 4 0
mail/pkg/domain/mock/session_service_mock.go:75.104,78.2 2 0
mail/pkg/domain/mock/session_service_mock.go:81.84,87.2 5 0
mail/pkg/domain/mock/session_service_mock.go:90.99,93.2 2 0
mail/pkg/domain/mock/session_service_mock.go:96.95,102.2 5 0
mail/pkg/domain/mock/session_service_mock.go:105.101,108.2 2 0
mail/pkg/domain/mock/user_repository_mock.go:26.73,30.2 3 0
mail/pkg/domain/mock/user_repository_mock.go:33.71,35.2 1 0
mail/pkg/domain/mock/user_repository_mock.go:38.93,44.2 5 0
mail/pkg/domain/mock/user_repository_mock.go:47.89,50.2 2 0
mail/pkg/domain/mock/user_repository_mock.go:53.80,59.2 5 0
mail/pkg/domain/mock/user_repository_mock.go:62.90,65.2 2 0
mail/pkg/domain/mock/user_repository_mock.go:68.98,74.2 5 0
mail/pkg/domain/mock/user_repository_mock.go:77.101,80.2 2 0
mail/pkg/domain/mock/user_repository_mock.go:83.89,89.2 5 0
mail/pkg/domain/mock/user_repository_mock.go:92.91,95.2 2 0
mail/pkg/domain/mock/user_repository_mock.go:98.102,104.2 5 0
mail/pkg/domain/mock/user_repository_mock.go:107.111,110.2 2 0
mail/pkg/domain/mock/user_repository_mock.go:113.91,119.2 5 0
mail/pkg/domain/mock/user_repository_mock.go:122.95,125.2 2 0
mail/pkg/domain/mock/user_service_mock.go:26.67,30.2 3 0
mail/pkg/domain/mock/user_service_mock.go:33.65,35.2 1 0
mail/pkg/domain/mock/user_service_mock.go:38.97,44.2 5 0
mail/pkg/domain/mock/user_service_mock.go:47.93,50.2 2 0
mail/pkg/domain/mock/user_service_mock.go:53.85,59.2 5 0
mail/pkg/domain/mock/user_service_mock.go:62.95,65.2 2 0
mail/pkg/domain/mock/user_service_mock.go:68.81,74.2 5 0
mail/pkg/domain/mock/user_service_mock.go:77.88,80.2 2 0
mail/pkg/domain/mock/user_service_mock.go:83.90,89.2 5 0
mail/pkg/domain/mock/user_service_mock.go:92.92,95.2 2 0
mail/pkg/domain/mock/user_service_mock.go:98.99,104.2 5 0
mail/pkg/domain/mock/user_service_mock.go:107.108,110.2 2 0
mail/pkg/domain/mock/user_service_mock.go:113.80,119.2 5 0
mail/pkg/domain/mock/user_service_mock.go:122.97,125.2 2 0
mail/pkg/domain/mock/user_service_mock.go:128.100,134.2 5 0
mail/pkg/domain/mock/user_service_mock.go:137.96,140.2 2 0
mail/pkg/domain/models/gender.go:12.44,13.16 1 0
mail/pkg/domain/models/gender.go:14.27,15.14 1 0
mail/pkg/domain/models/gender.go:16.10,17.15 1 0
mail/MessageSMTP/main.go:48.53,50.2 1 0
mail/MessageSMTP/main.go:52.76,54.2 1 0
mail/MessageSMTP/main.go:56.72,57.10 1 0
mail/MessageSMTP/main.go:57.10,58.29 1 0
mail/MessageSMTP/main.go:59.20,60.34 1 0
mail/MessageSMTP/main.go:61.20,62.34 1 0
mail/MessageSMTP/main.go:63.11,64.49 1 0
mail/MessageSMTP/main.go:67.2,67.17 1 0
mail/MessageSMTP/main.go:70.13,93.16 12 0
mail/MessageSMTP/main.go:93.16,95.3 1 0
mail/MessageSMTP/main.go:97.2,97.19 1 0
mail/cmd/mail/main.go:45.13,59.16 10 0
mail/cmd/mail/main.go:59.16,61.3 1 0
mail/cmd/mail/main.go:62.2,68.21 4 0
mail/cmd/mail/main.go:71.20,73.16 2 0
mail/cmd/mail/main.go:73.16,75.3 1 0
mail/cmd/mail/main.go:77.2,77.18 1 0
mail/cmd/mail/main.go:80.35,84.16 3 0
mail/cmd/mail/main.go:84.16,86.3 1 0
mail/cmd/mail/main.go:88.2,89.16 2 0
mail/cmd/mail/main.go:89.16,91.3 1 0
mail/cmd/mail/main.go:93.2,95.11 2 0
mail/cmd/mail/main.go:98.34,104.25 3 0
mail/cmd/mail/main.go:104.25,106.3 1 0
mail/cmd/mail/main.go:109.69,118.2 6 0
mail/cmd/mail/main.go:120.104,128.2 3 0
mail/cmd/mail/main.go:130.107,138.2 3 0
mail/cmd/mail/main.go:140.104,148.2 3 0
mail/cmd/mail/main.go:150.54,156.2 4 0
mail/cmd/mail/main.go:158.166,174.2 10 0
mail/cmd/mail/main.go:176.135,186.2 7 0
mail/cmd/mail/main.go:188.134,205.2 14 0
mail/cmd/mail/main.go:207.39,223.16 7 0
mail/cmd/mail/main.go:223.16,225.3 1 0
mail/cmd/mail/main.go:228.92,230.12 2 0
mail/cmd/mail/main.go:230.12,231.7 1 0
mail/cmd/mail/main.go:231.7,232.11 1 0
mail/cmd/mail/main.go:233.20,235.19 2 0
mail/cmd/mail/main.go:235.19,237.6 1 0
mail/docs/docs.go:857.13,859.2 1 0
mail/pkg/delivery/response.go:22.73,30.2 4 0
mail/pkg/delivery/response.go:33.69,41.2 4 0
mail/pkg/delivery/auth/auth_handler.go:29.58,31.2 1 0
mail/pkg/delivery/auth/auth_handler.go:34.40,38.2 2 0
mail/pkg/delivery/auth/auth_handler.go:52.70,55.16 3 0
mail/pkg/delivery/auth/auth_handler.go:55.16,58.3 2 0
mail/pkg/delivery/auth/auth_handler.go:60.2,63.65 3 0
mail/pkg/delivery/auth/auth_handler.go:63.65,66.3 2 0
mail/pkg/delivery/auth/auth_handler.go:68.2,68.44 1 0
mail/pkg/delivery/auth/auth_handler.go:68.44,71.3 2 0
mail/pkg/delivery/auth/auth_handler.go:73.2,74.9 2 0
mail/pkg/delivery/auth/auth_handler.go:74.9,76.3 1 0
mail/pkg/delivery/auth/auth_handler.go:78.2,79.16 2 0
mail/pkg/delivery/auth/auth_handler.go:79.16,82.3 2 0
mail/pkg/delivery/auth/auth_handler.go:84.2,85.15 2 0
mail/pkg/delivery/auth/auth_handler.go:85.15,88.3 2 0
mail/pkg/delivery/auth/auth_handler.go:90.2,90.97 1 0
mail/pkg/delivery/auth/auth_handler.go:104.71,107.16 3 0
mail/pkg/delivery/auth/auth_handler.go:107.16,110.3 2 0
mail/pkg/delivery/auth/auth_handler.go:112.2,121.156 9 0
mail/pkg/delivery/auth/auth_handler.go:121.156,124.3 2 0
mail/pkg/delivery/auth/auth_handler.go:126.2,126.40 1 0
mail/pkg/delivery/auth/auth_handler.go:126.40,129.3 2 0
mail/pkg/delivery/auth/auth_handler.go:131.2,132.9 2 0
mail/pkg/delivery/auth/auth_handler.go:132.9,134.3 1 0
mail/pkg/delivery/auth/auth_handler.go:136.2,137.18 2 0
mail/pkg/delivery/auth/auth_handler.go:137.18,140.3 2 0
mail/pkg/delivery/auth/auth_handler.go:142.2,143.15 2 0
mail/pkg/delivery/auth/auth_handler.go:143.15,146.3 2 0
mail/pkg/delivery/auth/auth_handler.go:148.2,148.98 1 0
mail/pkg/delivery/auth/auth_handler.go:158.71,160.9 2 0
mail/pkg/delivery/auth/auth_handler.go:160.9,162.3 1 0
mail/pkg/delivery/auth/auth_handler.go:164.2,165.16 2 0
mail/pkg/delivery/auth/auth_handler.go:165.16,168.3 2 0
mail/pkg/delivery/auth/auth_handler.go:170.2,170.98 1 0
mail/pkg/delivery/auth/auth_handler.go:175.31,177.2 1 0
mail/pkg/delivery/auth/auth_handler.go:180.44,184.2 2 0
mail/pkg/delivery/converters/email_converter.go:9.74,24.2 1 1
mail/pkg/delivery/converters/email_converter.go:27.75,42.2 1 1
mail/pkg/delivery/converters/session_converter.go:9.88,18.2 1 1
mail/pkg/delivery/converters/session_converter.go:21.87,30.2 1 1
mail/pkg/delivery/converters/user_converter.go:9.64,22.2 1 1
mail/pkg/delivery/converters/user_converter.go:25.63,39.2 1 1
mail/pkg/delivery/email/email_handler.go:33.40,37.2 3 0
mail/pkg/delivery/email/email_handler.go:50.73,52.9 2 0
mail/pkg/delivery/email/email_handler.go:52.9,54.3 1 0
mail/pkg/delivery/email/email_handler.go:56.2,57.16 2 0
mail/pkg/delivery/email/email_handler.go:57.16,60.3 2 0
mail/pkg/delivery/email/email_handler.go:62.2,63.16 2 0
mail/pkg/delivery/email/email_handler.go:63.16,66.3 2 0
mail/pkg/delivery/email/email_handler.go:68.2,69.16 2 0
mail/pkg/delivery/email/email_handler.go:69.16,72.3 2 0
mail/pkg/delivery/email/email_handler.go:74.2,75.31 2 0
mail/pkg/delivery/email/email_handler.go:75.31,77.3 1 0
mail/pkg/delivery/email/email_handler.go:79.2,79.87 1 0
mail/pkg/delivery/email/email_handler.go:93.69,95.9 2 0
mail/pkg/delivery/email/email_handler.go:95.9,97.3 1 0
mail/pkg/delivery/email/email_handler.go:99.2,100.16 2 0
mail/pkg/delivery/email/email_handler.go:100.16,103.3 2 0
mail/pkg/delivery/email/email_handler.go:105.2,106.16 2 0
mail/pkg/delivery/email/email_handler.go:106.16,109.3 2 0
mail/pkg/delivery/email/email_handler.go:111.2,112.16 2 0
mail/pkg/delivery/email/email_handler.go:112.16,115.3 2 0
mail/pkg/delivery/email/email_handler.go:117.2,118.31 2 0
mail/pkg/delivery/email/email_handler.go:118.31,120.3 1 0
mail/pkg/delivery/email/email_handler.go:122.2,122.87 1 0
mail/pkg/delivery/email/email_handler.go:137.72,140.16 3 0
mail/pkg/delivery/email/email_handler.go:140.16,143.3 2 0
mail/pkg/delivery/email/email_handler.go:145.2,146.9 2 0
mail/pkg/delivery/email/email_handler.go:146.9,148.3 1 0
mail/pkg/delivery/email/email_handler.go:150.2,151.16 2 0
mail/pkg/delivery/email/email_handler.go:151.16,154.3 2 0
mail/pkg/delivery/email/email_handler.go:156.2,157.16 2 0
mail/pkg/delivery/email/email_handler.go:157.16,160.3 2 0
mail/pkg/delivery/email/email_handler.go:162.2,163.16 2 0
mail/pkg/delivery/email/email_handler.go:163.16,166.3 2 0
mail/pkg/delivery/email/email_handler.go:168.2,168.117 1 0
mail/pkg/delivery/email/email_handler.go:184.69,189.16 5 0
mail/pkg/delivery/email/email_handler.go:189.16,192.3 2 0
mail/pkg/delivery/email/email_handler.go:194.2,203.9 9 0
mail/pkg/delivery/email/email_handler.go:203.9,205.3 1 0
mail/pkg/delivery/email/email_handler.go:207.2,207.9 1 0
mail/pkg/delivery/email/email_handler.go:208.71,210.17 2 0
mail/pkg/delivery/email/email_handler.go:210.17,213.4 2 0
mail/pkg/delivery/email/email_handler.go:215.3,216.17 2 0
mail/pkg/delivery/email/email_handler.go:216.17,219.4 2 0
mail/pkg/delivery/email/email_handler.go:221.3,222.17 2 0
mail/pkg/delivery/email/email_handler.go:222.17,225.4 2 0
mail/pkg/delivery/email/email_handler.go:227.3,228.17 2 0
mail/pkg/delivery/email/email_handler.go:228.17,231.4 2 0
mail/pkg/delivery/email/email_handler.go:233.3,234.9 2 0
mail/pkg/delivery/email/email_handler.go:235.88,244.9 2 0
mail/pkg/delivery/email/email_handler.go:245.88,247.17 2 0
mail/pkg/delivery/email/email_handler.go:247.17,250.4 2 0
mail/pkg/delivery/email/email_handler.go:252.3,253.17 2 0
mail/pkg/delivery/email/email_handler.go:253.17,256.4 2 0
mail/pkg/delivery/email/email_handler.go:258.3,259.17 2 0
mail/pkg/delivery/email/email_handler.go:259.17,262.4 2 0
mail/pkg/delivery/email/email_handler.go:264.3,265.9 2 0
mail/pkg/delivery/email/email_handler.go:291.71,294.16 3 0
mail/pkg/delivery/email/email_handler.go:294.16,297.3 2 0
mail/pkg/delivery/email/email_handler.go:299.2,303.16 5 0
mail/pkg/delivery/email/email_handler.go:303.16,306.3 2 0
mail/pkg/delivery/email/email_handler.go:308.2,316.9 8 0
mail/pkg/delivery/email/email_handler.go:316.9,318.3 1 0
mail/pkg/delivery/email/email_handler.go:320.2,322.32 3 0
mail/pkg/delivery/email/email_handler.go:322.32,325.3 2 0
mail/pkg/delivery/email/email_handler.go:327.2,328.16 2 0
mail/pkg/delivery/email/email_handler.go:328.16,331.3 2 0
mail/pkg/delivery/email/email_handler.go:333.2,333.81 1 0
mail/pkg/delivery/email/email_handler.go:348.71,351.16 3 0
mail/pkg/delivery/email/email_handler.go:351.16,354.3 2 0
mail/pkg/delivery/email/email_handler.go:356.2,357.9 2 0
mail/pkg/delivery/email/email_handler.go:357.9,359.3 1 0
mail/pkg/delivery/email/email_handler.go:361.2,362.16 2 0
mail/pkg/delivery/email/email_handler.go:362.16,365.3 2 0
mail/pkg/delivery/email/email_handler.go:367.2,368.16 2 0
mail/pkg/delivery/email/email_handler.go:368.16,371.3 2 0
mail/pkg/delivery/email/email_handler.go:373.2,374.16 2 0
mail/pkg/delivery/email/email_handler.go:374.16,377.3 2 0
mail/pkg/delivery/email/email_handler.go:379.2,379.81 1 0
mail/pkg/delivery/email/email_handler.go:382.86,384.2 1 0
mail/pkg/delivery/email/email_handler.go:386.46,389.2 2 0
mail/pkg/delivery/middleware/middleware.go:25.77,27.2 1 0
mail/pkg/delivery/middleware/middleware.go:29.57,32.2 2 0
mail/pkg/delivery/middleware/middleware.go:35.53,36.71 1 0
mail/pkg/delivery/middleware/middleware.go:36.71,38.10 2 0
mail/pkg/delivery/middleware/middleware.go:38.10,40.4 1 0
mail/pkg/delivery/middleware/middleware.go:41.3,42.17 2 0
mail/pkg/delivery/middleware/middleware.go:42.17,45.4 2 0
mail/pkg/delivery/middleware/middleware.go:47.3,47.23 1 0
mail/pkg/delivery/middleware/middleware.go:51.72,52.71 1 0
mail/pkg/delivery/middleware/middleware.go:52.71,58.10 5 0
mail/pkg/delivery/middleware/middleware.go:58.10,60.4 1 0
mail/pkg/delivery/middleware/middleware.go:62.3,71.10 3 0
mail/pkg/delivery/middleware/middleware.go:72.47,73.23 1 0
mail/pkg/delivery/middleware/middleware.go:74.47,75.40 1 0
mail/pkg/delivery/middleware/middleware.go:76.47,77.33 1 0
mail/pkg/delivery/middleware/middleware.go:83.54,84.71 1 0
mail/pkg/delivery/middleware/middleware.go:84.71,85.16 1 0
mail/pkg/delivery/middleware/middleware.go:85.16,86.36 1 0
mail/pkg/delivery/middleware/middleware.go:86.36,88.5 1 0
mail/pkg/delivery/middleware/middleware.go:90.3,90.23 1 0
mail/pkg/delivery/session/manager.go:23.74,25.2 1 0
mail/pkg/delivery/session/manager.go:28.75,32.2 1 0
mail/pkg/delivery/session/manager.go:35.90,39.17 3 0
mail/pkg/delivery/session/manager.go:39.17,41.3 1 0
mail/pkg/delivery/session/manager.go:43.2,43.50 1 0
mail/pkg/delivery/session/manager.go:47.94,49.60 2 0
mail/pkg/delivery/session/manager.go:49.60,51.3 1 0
mail/pkg/delivery/session/manager.go:53.2,54.29 2 0
mail/pkg/delivery/session/manager.go:54.29,56.3 1 0
mail/pkg/delivery/session/manager.go:58.2,59.15 2 0
mail/pkg/delivery/session/manager.go:59.15,61.3 1 0
mail/pkg/delivery/session/manager.go:62.2,62.72 1 0
mail/pkg/delivery/session/manager.go:62.72,64.3 1 0
mail/pkg/delivery/session/manager.go:66.2,66.55 1 0
mail/pkg/delivery/session/manager.go:70.87,73.16 3 0
mail/pkg/delivery/session/manager.go:73.16,75.3 1 0
mail/pkg/delivery/session/manager.go:76.2,76.22 1 0
mail/pkg/delivery/session/manager.go:76.22,78.3 1 0
mail/pkg/delivery/session/manager.go:80.2,80.12 1 0
mail/pkg/delivery/session/manager.go:84.96,87.16 3 0
mail/pkg/delivery/session/manager.go:87.16,89.3 1 0
mail/pkg/delivery/session/manager.go:91.2,91.19 1 0
mail/pkg/delivery/session/manager.go:95.116,98.16 2 0
mail/pkg/delivery/session/manager.go:98.16,100.3 1 0
mail/pkg/delivery/session/manager.go:102.2,116.55 5 0
mail/pkg/delivery/session/manager.go:120.107,122.16 2 0
mail/pkg/delivery/session/manager.go:122.16,124.3 1 0
mail/pkg/delivery/session/manager.go:126.2,127.15 2 0
mail/pkg/delivery/session/manager.go:127.15,129.3 1 0
mail/pkg/delivery/session/manager.go:131.2,138.12 3 0
mail/pkg/delivery/user/user_handler.go:35.58,37.2 1 0
mail/pkg/delivery/user/user_handler.go:40.40,44.2 2 0
mail/pkg/delivery/user/user_handler.go:54.75,56.9 2 0
mail/pkg/delivery/user/user_handler.go:56.9,58.3 1 0
mail/pkg/delivery/user/user_handler.go:60.2,63.83 3 0
mail/pkg/delivery/user/user_handler.go:76.81,78.9 2 0
mail/pkg/delivery/user/user_handler.go:78.9,80.3 1 0
mail/pkg/delivery/user/user_handler.go:81.2,83.16 3 0
mail/pkg/delivery/user/user_handler.go:83.16,86.3 2 0
mail/pkg/delivery/user/user_handler.go:88.2,96.118 8 0
mail/pkg/delivery/user/user_handler.go:112.79,115.16 3 0
mail/pkg/delivery/user/user_handler.go:115.16,118.3 2 0
mail/pkg/delivery/user/user_handler.go:120.2,129.9 9 0
mail/pkg/delivery/user/user_handler.go:129.9,131.3 1 0
mail/pkg/delivery/user/user_handler.go:133.2,134.42 2 0
mail/pkg/delivery/user/user_handler.go:134.42,137.3 2 0
mail/pkg/delivery/user/user_handler.go:139.2,140.16 2 0
mail/pkg/delivery/user/user_handler.go:140.16,143.3 2 0
mail/pkg/delivery/user/user_handler.go:145.2,145.121 1 0
mail/pkg/delivery/user/user_handler.go:161.79,164.16 3 0
mail/pkg/delivery/user/user_handler.go:164.16,167.3 2 0
mail/pkg/delivery/user/user_handler.go:169.2,170.9 2 0
mail/pkg/delivery/user/user_handler.go:170.9,172.3 1 0
mail/pkg/delivery/user/user_handler.go:174.2,175.42 2 0
mail/pkg/delivery/user/user_handler.go:175.42,178.3 2 0
mail/pkg/delivery/user/user_handler.go:180.2,181.16 2 0
mail/pkg/delivery/user/user_handler.go:181.16,184.3 2 0
mail/pkg/delivery/user/user_handler.go:185.2,185.14 1 0
mail/pkg/delivery/user/user_handler.go:185.14,188.3 2 0
mail/pkg/delivery/user/user_handler.go:190.2,190.111 1 0
mail/pkg/delivery/user/user_handler.go:206.81,208.16 2 0
mail/pkg/delivery/user/user_handler.go:208.16,211.3 2 0
mail/pkg/delivery/user/user_handler.go:213.2,214.16 2 0
mail/pkg/delivery/user/user_handler.go:214.16,217.3 2 0
mail/pkg/delivery/user/user_handler.go:218.2,220.38 2 0
mail/pkg/delivery/user/user_handler.go:220.38,223.3 2 0
mail/pkg/delivery/user/user_handler.go:225.2,228.16 4 0
mail/pkg/delivery/user/user_handler.go:228.16,231.3 2 0
mail/pkg/delivery/user/user_handler.go:232.2,235.16 3 0
mail/pkg/delivery/user/user_handler.go:235.16,238.3 2 0
mail/pkg/delivery/user/user_handler.go:240.2,241.9 2 0
mail/pkg/delivery/user/user_handler.go:241.9,243.3 1 0
mail/pkg/delivery/user/user_handler.go:245.2,247.16 3 0
mail/pkg/delivery/user/user_handler.go:247.16,250.3 2 0
mail/pkg/delivery/user/user_handler.go:252.2,254.16 3 0
mail/pkg/delivery/user/user_handler.go:254.16,257.3 2 0
mail/pkg/delivery/user/user_handler.go:258.2,260.107 2 0
mail/pkg/delivery/user/user_handler.go:264.51,272.2 5 0
mail/pkg/domain/logger/logger.go:30.65,32.19 2 0
mail/pkg/domain/logger/logger.go:32.19,33.22 1 0
mail/pkg/domain/logger/logger.go:34.25,35.114 1 0
mail/pkg/domain/logger/logger.go:36.25,37.117 1 0
mail/pkg/domain/logger/logger.go:38.26,39.115 1 0
mail/pkg/domain/logger/logger.go:40.45,41.118 1 0
mail/pkg/domain/logger/logger.go:42.11,43.117 1 0
mail/pkg/domain/logger/logger.go:45.8,47.3 1 0
mail/pkg/domain/logger/logger.go:49.2,50.16 2 0
mail/pkg/domain/logger/logger.go:50.16,52.3 1 0
mail/pkg/domain/logger/logger.go:53.2,61.51 7 0
mail/pkg/domain/logger/logger.go:61.51,67.3 5 0
mail/pkg/domain/logger/logger.go:67.8,67.54 1 0
mail/pkg/domain/logger/logger.go:67.54,70.3 2 0
mail/pkg/domain/logger/logger.go:71.2,71.28 1 0
mail/pkg/domain/logger/logger.go:74.52,91.2 3 0
mail/pkg/domain/logger/logger.go:93.55,110.2 3 0
mail/pkg/domain/logger/logger.go:112.45,116.2 3 0
mail/pkg/domain/logger/logger.go:118.106,120.25 2 0
mail/pkg/domain/logger/logger.go:120.25,122.3 1 0
mail/pkg/domain/logger/logger.go:123.2,132.17 3 0
mail/pkg/domain/logger/logger.go:132.17,134.3 1 0
mail/pkg/domain/logger/logger.go:134.8,136.3 1 0
mail/pkg/domain/mock/email_repository_mock.go:26.75,30.2 3 0
mail/pkg/domain/mock/email_repository_mock.go:33.73,35.2 1 0
mail/pkg/domain/mock/email_repository_mock.go:38.104,45.2 6 0
mail/pkg/domain/mock/email_repository_mock.go:48.91,51.2 2 0
mail/pkg/domain/mock/email_repository_mock.go:54.106,59.2 4 0
mail/pkg/domain/mock/email_repository_mock.go:62.125,65.2 2 0
mail/pkg/domain/mock/email_repository_mock.go:68.88,74.2 5 0
mail/pkg/domain/mock/email_repository_mock.go:77.98,80.2 2 0
mail/pkg/domain/mock/email_repository_mock.go:83.72,88.2 4 0
mail/pkg/domain/mock/email_repository_mock.go:91.97,94.2 2 0
mail/pkg/domain/mock/email_repository_mock.go:97.115,103.2 5 0
mail/pkg/domain/mock/email_repository_mock.go:106.117,109.2 2 0
mail/pkg/domain/mock/email_repository_mock.go:112.111,118.2 5 0
mail/pkg/domain/mock/email_repository_mock.go:121.113,124.2 2 0
mail/pkg/domain/mock/email_repository_mock.go:127.98,133.2 5 0
mail/pkg/domain/mock/email_repository_mock.go:136.99,139.2 2 0
mail/pkg/domain/mock/email_repository_mock.go:142.94,148.2 5 0
mail/pkg/domain/mock/email_repository_mock.go:151.97,154.2 2 0
mail/pkg/domain/mock/email_service_mock.go:26.69,30.2 3 0
mail/pkg/domain/mock/email_service_mock.go:33.67,35.2 1 0
mail/pkg/domain/mock/email_service_mock.go:38.83,43.2 4 0
mail/pkg/domain/mock/email_service_mock.go:46.108,49.2 2 0
mail/pkg/domain/mock/email_service_mock.go:52.112,59.2 6 0
mail/pkg/domain/mock/email_service_mock.go:62.99,65.2 2 0
mail/pkg/domain/mock/email_service_mock.go:68.106,73.2 4 0
mail/pkg/domain/mock/email_service_mock.go:76.125,79.2 2 0
mail/pkg/domain/mock/email_service_mock.go:82.90,88.2 5 0
mail/pkg/domain/mock/email_service_mock.go:91.100,94.2 2 0
mail/pkg/domain/mock/email_service_mock.go:97.118,103.2 5 0
mail/pkg/domain/mock/email_service_mock.go:106.120,109.2 2 0
mail/pkg/domain/mock/email_service_mock.go:112.114,118.2 5 0
mail/pkg/domain/mock/email_service_mock.go:121.116,124.2 2 0
mail/pkg/domain/mock/email_service_mock.go:127.100,133.2 5 0
mail/pkg/domain/mock/email_service_mock.go:136.101,139.2 2 0
mail/pkg/domain/mock/email_service_mock.go:142.100,148.2 5 0
mail/pkg/domain/mock/email_service_mock.go:151.103,154.2 2 0
mail/pkg/domain/mock/manager_mock.go:27.75,31.2 3 0
mail/pkg/domain/mock/manager_mock.go:34.73,36.2 1 0
mail/pkg/domain/mock/manager_mock.go:39.97,45.2 5 0
mail/pkg/domain/mock/manager_mock.go:48.89,51.2 2 0
mail/pkg/domain/mock/manager_mock.go:54.90,59.2 4 0
mail/pkg/domain/mock/manager_mock.go:62.101,65.2 2 0
mail/pkg/domain/mock/manager_mock.go:68.119,74.2 5 0
mail/pkg/domain/mock/manager_mock.go:77.98,80.2 2 0
mail/pkg/domain/mock/manager_mock.go:83.110,88.2 4 0
mail/pkg/domain/mock/manager_mock.go:91.101,94.2 2 0
mail/pkg/domain/mock/manager_mock.go:97.100,103.2 5 0
mail/pkg/domain/mock/manager_mock.go:106.101,109.2 2 0
mail/pkg/domain/mock/manager_mock.go:112.93,117.2 4 0
mail/pkg/domain/mock/manager_mock.go:120.94,123.2 2 0
mail/pkg/domain/mock/session_repository_mock.go:26.79,30.2 3 0
mail/pkg/domain/mock/session_repository_mock.go:33.77,35.2 1 0
mail/pkg/domain/mock/session_repository_mock.go:38.118,44.2 5 0
mail/pkg/domain/mock/session_repository_mock.go:47.122,50.2 2 0
mail/pkg/domain/mock/session_repository_mock.go:53.63,58.2 4 0
mail/pkg/domain/mock/session_repository_mock.go:61.83,64.2 2 0
mail/pkg/domain/mock/session_repository_mock.go:67.86,72.2 4 0
mail/pkg/domain/mock/session_repository_mock.go:75.111,78.2 2 0
mail/pkg/domain/mock/session_repository_mock.go:81.98,87.2 5 0
mail/pkg/domain/mock/session_repository_mock.go:90.113,93.2 2 0
mail/pkg/domain/mock/session_repository_mock.go:96.102,102.2 5 0
mail/pkg/domain/mock/session_repository_mock.go:105.108,108.2 2 0
mail/pkg/domain/mock/session_service_mock.go:26.73,30.2 3 0
mail/pkg/domain/mock/session_service_mock.go:33.71,35.2 1 0
mail/pkg/domain/mock/session_service_mock.go:38.61,43.2 4 0
mail/pkg/domain/mock/session_service_mock.go:46.81,49.2 2 0
mail/pkg/domain/mock/session_service_mock.go:52.118,58.2 5 0
mail/pkg/domain/mock/session_service_mock.go:61.122,64.2 2 0
mail/pkg/domain/mock/session_service_mock.go:67.79,72.2 4 0
mail/pkg/domain/mock/session_service_mock.go:75.104,78.2 2 0
mail/pkg/domain/mock/session_service_mock.go:81.84,87.2 5 0
mail/pkg/domain/mock/session_service_mock.go:90.99,93.2 2 0
mail/pkg/domain/mock/session_service_mock.go:96.95,102.2 5 0
mail/pkg/domain/mock/session_service_mock.go:105.101,108.2 2 0
mail/pkg/domain/mock/user_repository_mock.go:26.73,30.2 3 0
mail/pkg/domain/mock/user_repository_mock.go:33.71,35.2 1 0
mail/pkg/domain/mock/user_repository_mock.go:38.93,44.2 5 0
mail/pkg/domain/mock/user_repository_mock.go:47.89,50.2 2 0
mail/pkg/domain/mock/user_repository_mock.go:53.80,59.2 5 0
mail/pkg/domain/mock/user_repository_mock.go:62.90,65.2 2 0
mail/pkg/domain/mock/user_repository_mock.go:68.98,74.2 5 0
mail/pkg/domain/mock/user_repository_mock.go:77.101,80.2 2 0
mail/pkg/domain/mock/user_repository_mock.go:83.89,89.2 5 0
mail/pkg/domain/mock/user_repository_mock.go:92.91,95.2 2 0
mail/pkg/domain/mock/user_repository_mock.go:98.102,104.2 5 0
mail/pkg/domain/mock/user_repository_mock.go:107.111,110.2 2 0
mail/pkg/domain/mock/user_repository_mock.go:113.91,119.2 5 0
mail/pkg/domain/mock/user_repository_mock.go:122.95,125.2 2 0
mail/pkg/domain/mock/user_service_mock.go:26.67,30.2 3 0
mail/pkg/domain/mock/user_service_mock.go:33.65,35.2 1 0
mail/pkg/domain/mock/user_service_mock.go:38.97,44.2 5 0
mail/pkg/domain/mock/user_service_mock.go:47.93,50.2 2 0
mail/pkg/domain/mock/user_service_mock.go:53.85,59.2 5 0
mail/pkg/domain/mock/user_service_mock.go:62.95,65.2 2 0
mail/pkg/domain/mock/user_service_mock.go:68.81,74.2 5 0
mail/pkg/domain/mock/user_service_mock.go:77.88,80.2 2 0
mail/pkg/domain/mock/user_service_mock.go:83.90,89.2 5 0
mail/pkg/domain/mock/user_service_mock.go:92.92,95.2 2 0
mail/pkg/domain/mock/user_service_mock.go:98.99,104.2 5 0
mail/pkg/domain/mock/user_service_mock.go:107.108,110.2 2 0
mail/pkg/domain/mock/user_service_mock.go:113.80,119.2 5 0
mail/pkg/domain/mock/user_service_mock.go:122.97,125.2 2 0
mail/pkg/domain/mock/user_service_mock.go:128.100,134.2 5 0
mail/pkg/domain/mock/user_service_mock.go:137.96,140.2 2 0
mail/pkg/domain/models/gender.go:12.44,13.16 1 0
mail/pkg/domain/models/gender.go:14.27,15.14 1 0
mail/pkg/domain/models/gender.go:16.10,17.15 1 0
mail/pkg/repository/converters/email_converter.go:9.70,12.40 2 0
mail/pkg/repository/converters/email_converter.go:12.40,14.3 1 0
mail/pkg/repository/converters/email_converter.go:14.8,16.3 1 0
mail/pkg/repository/converters/email_converter.go:18.2,31.3 1 0
mail/pkg/repository/converters/email_converter.go:35.72,51.40 2 0
mail/pkg/repository/converters/email_converter.go:51.40,53.3 1 0
mail/pkg/repository/converters/email_converter.go:55.2,55.16 1 0
mail/pkg/repository/converters/session_converter.go:9.84,18.2 1 0
mail/pkg/repository/converters/session_converter.go:21.86,30.2 1 0
mail/pkg/repository/converters/user_converter.go:9.66,22.2 1 0
mail/pkg/repository/converters/user_converter.go:25.68,39.2 1 0
mail/pkg/repository/postgres/email/email_repo.go:22.55,24.16 2 0
mail/pkg/repository/postgres/email/email_repo.go:24.16,26.3 1 0
mail/pkg/repository/postgres/email/email_repo.go:27.2,28.33 2 0
mail/pkg/repository/postgres/email/email_repo.go:31.109,45.16 9 0
mail/pkg/repository/postgres/email/email_repo.go:45.16,47.3 1 0
mail/pkg/repository/postgres/email/email_repo.go:49.2,49.32 1 0
mail/pkg/repository/postgres/email/email_repo.go:52.102,62.16 6 0
mail/pkg/repository/postgres/email/email_repo.go:62.16,64.3 1 0
mail/pkg/repository/postgres/email/email_repo.go:66.2,66.12 1 0
mail/pkg/repository/postgres/email/email_repo.go:70.68,79.16 7 0
mail/pkg/repository/postgres/email/email_repo.go:79.16,81.3 1 0
mail/pkg/repository/postgres/email/email_repo.go:83.2,83.12 1 0
mail/pkg/repository/postgres/email/email_repo.go:86.111,97.30 6 0
mail/pkg/repository/postgres/email/email_repo.go:97.30,101.3 3 0
mail/pkg/repository/postgres/email/email_repo.go:101.8,104.3 2 0
mail/pkg/repository/postgres/email/email_repo.go:105.2,107.16 2 0
mail/pkg/repository/postgres/email/email_repo.go:107.16,108.36 1 0
mail/pkg/repository/postgres/email/email_repo.go:108.36,110.4 1 0
mail/pkg/repository/postgres/email/email_repo.go:111.3,111.18 1 0
mail/pkg/repository/postgres/email/email_repo.go:114.2,115.34 2 0
mail/pkg/repository/postgres/email/email_repo.go:115.34,117.3 1 0
mail/pkg/repository/postgres/email/email_repo.go:119.2,119.29 1 0
mail/pkg/repository/postgres/email/email_repo.go:122.107,133.30 6 0
mail/pkg/repository/postgres/email/email_repo.go:133.30,137.3 3 0
mail/pkg/repository/postgres/email/email_repo.go:137.8,140.3 2 0
mail/pkg/repository/postgres/email/email_repo.go:141.2,143.16 2 0
mail/pkg/repository/postgres/email/email_repo.go:143.16,144.36 1 0
mail/pkg/repository/postgres/email/email_repo.go:144.36,146.4 1 0
mail/pkg/repository/postgres/email/email_repo.go:147.3,147.18 1 0
mail/pkg/repository/postgres/email/email_repo.go:150.2,151.34 2 0
mail/pkg/repository/postgres/email/email_repo.go:151.34,154.3 2 0
mail/pkg/repository/postgres/email/email_repo.go:156.2,156.29 1 0
mail/pkg/repository/postgres/email/email_repo.go:159.94,169.16 7 0
mail/pkg/repository/postgres/email/email_repo.go:169.16,170.36 1 0
mail/pkg/repository/postgres/email/email_repo.go:170.36,172.4 1 0
mail/pkg/repository/postgres/email/email_repo.go:173.3,173.18 1 0
mail/pkg/repository/postgres/email/email_repo.go:176.2,176.59 1 0
mail/pkg/repository/postgres/email/email_repo.go:179.90,201.16 7 0
mail/pkg/repository/postgres/email/email_repo.go:201.16,203.3 1 0
mail/pkg/repository/postgres/email/email_repo.go:205.2,206.16 2 0
mail/pkg/repository/postgres/email/email_repo.go:206.16,208.3 1 0
mail/pkg/repository/postgres/email/email_repo.go:210.2,210.23 1 0
mail/pkg/repository/postgres/email/email_repo.go:210.23,213.3 2 0
mail/pkg/repository/postgres/email/email_repo.go:215.2,215.18 1 0
mail/pkg/repository/postgres/email/email_repo.go:218.84,225.16 6 0
mail/pkg/repository/postgres/email/email_repo.go:225.16,227.3 1 0
mail/pkg/repository/postgres/email/email_repo.go:229.2,230.16 2 0
mail/pkg/repository/postgres/email/email_repo.go:230.16,232.3 1 0
mail/pkg/repository/postgres/email/email_repo.go:234.2,234.23 1 0
mail/pkg/repository/postgres/email/email_repo.go:234.23,237.3 2 0
mail/pkg/repository/postgres/email/email_repo.go:239.2,239.18 1 0
mail/pkg/repository/postgres/session/session_repo.go:27.59,29.16 2 0
mail/pkg/repository/postgres/session/session_repo.go:29.16,31.3 1 0
mail/pkg/repository/postgres/session/session_repo.go:32.2,35.3 2 0
mail/pkg/repository/postgres/session/session_repo.go:42.54,47.2 3 0
mail/pkg/repository/postgres/session/session_repo.go:50.117,65.16 9 0
mail/pkg/repository/postgres/session/session_repo.go:65.16,67.3 1 0
mail/pkg/repository/postgres/session/session_repo.go:69.2,69.16 1 0
mail/pkg/repository/postgres/session/session_repo.go:73.101,82.16 7 0
mail/pkg/repository/postgres/session/session_repo.go:82.16,84.3 1 0
mail/pkg/repository/postgres/session/session_repo.go:86.2,86.56 1 0
mail/pkg/repository/postgres/session/session_repo.go:90.97,103.16 7 0
mail/pkg/repository/postgres/session/session_repo.go:103.16,105.3 1 0
mail/pkg/repository/postgres/session/session_repo.go:107.2,107.19 1 0
mail/pkg/repository/postgres/session/session_repo.go:111.85,119.16 6 0
mail/pkg/repository/postgres/session/session_repo.go:119.16,121.3 1 0
mail/pkg/repository/postgres/session/session_repo.go:123.2,123.12 1 0
mail/pkg/repository/postgres/session/session_repo.go:127.62,135.16 6 0
mail/pkg/repository/postgres/session/session_repo.go:135.16,137.3 1 0
mail/pkg/repository/postgres/session/session_repo.go:139.2,139.12 1 0
mail/pkg/repository/postgres/user/user_repo.go:30.53,32.16 2 0
mail/pkg/repository/postgres/user/user_repo.go:32.16,34.3 1 0
mail/pkg/repository/postgres/user/user_repo.go:35.2,36.32 2 0
mail/pkg/repository/postgres/user/user_repo.go:43.72,45.16 2 0
mail/pkg/repository/postgres/user/user_repo.go:45.16,47.3 1 0
mail/pkg/repository/postgres/user/user_repo.go:49.2,49.28 1 0
mail/pkg/repository/postgres/user/user_repo.go:56.72,60.2 2 0
mail/pkg/repository/postgres/user/user_repo.go:66.56,70.16 3 0
mail/pkg/repository/postgres/user/user_repo.go:70.16,73.3 1 0
mail/pkg/repository/postgres/user/user_repo.go:75.2,77.21 2 0
mail/pkg/repository/postgres/user/user_repo.go:81.94,89.30 6 0
mail/pkg/repository/postgres/user/user_repo.go:89.30,92.3 2 0
mail/pkg/repository/postgres/user/user_repo.go:92.8,94.3 1 0
mail/pkg/repository/postgres/user/user_repo.go:95.2,97.16 2 0
mail/pkg/repository/postgres/user/user_repo.go:97.16,99.3 1 0
mail/pkg/repository/postgres/user/user_repo.go:101.2,102.43 2 0
mail/pkg/repository/postgres/user/user_repo.go:102.43,104.3 1 0
mail/pkg/repository/postgres/user/user_repo.go:106.2,106.23 1 0
mail/pkg/repository/postgres/user/user_repo.go:110.85,120.16 7 0
mail/pkg/repository/postgres/user/user_repo.go:120.16,121.36 1 0
mail/pkg/repository/postgres/user/user_repo.go:121.36,123.4 1 0
mail/pkg/repository/postgres/user/user_repo.go:125.3,125.18 1 0
mail/pkg/repository/postgres/user/user_repo.go:128.2,128.57 1 0
mail/pkg/repository/postgres/user/user_repo.go:132.98,142.16 7 0
mail/pkg/repository/postgres/user/user_repo.go:142.16,143.36 1 0
mail/pkg/repository/postgres/user/user_repo.go:143.36,145.4 1 0
mail/pkg/repository/postgres/user/user_repo.go:147.3,147.18 1 0
mail/pkg/repository/postgres/user/user_repo.go:150.2,150.55 1 0
mail/pkg/repository/postgres/user/user_repo.go:150.55,152.3 1 0
mail/pkg/repository/postgres/user/user_repo.go:152.8,155.3 2 0
mail/pkg/repository/postgres/user/user_repo.go:159.98,170.13 6 0
mail/pkg/repository/postgres/user/user_repo.go:170.13,172.3 1 0
mail/pkg/repository/postgres/user/user_repo.go:174.2,178.16 4 0
mail/pkg/repository/postgres/user/user_repo.go:178.16,180.3 1 0
mail/pkg/repository/postgres/user/user_repo.go:182.2,182.27 1 0
mail/pkg/repository/postgres/user/user_repo.go:186.91,231.16 7 0
mail/pkg/repository/postgres/user/user_repo.go:231.16,233.3 1 0
mail/pkg/repository/postgres/user/user_repo.go:235.2,236.16 2 0
mail/pkg/repository/postgres/user/user_repo.go:236.16,238.3 1 0
mail/pkg/repository/postgres/user/user_repo.go:240.2,240.23 1 0
mail/pkg/repository/postgres/user/user_repo.go:240.23,243.3 2 0
mail/pkg/repository/postgres/user/user_repo.go:245.2,245.18 1 0
mail/pkg/repository/postgres/user/user_repo.go:249.76,258.16 6 0
mail/pkg/repository/postgres/user/user_repo.go:258.16,260.3 1 0
mail/pkg/repository/postgres/user/user_repo.go:262.2,263.16 2 0
mail/pkg/repository/postgres/user/user_repo.go:263.16,265.3 1 0
mail/pkg/repository/postgres/user/user_repo.go:267.2,267.23 1 0
mail/pkg/repository/postgres/user/user_repo.go:267.23,270.3 2 0
mail/pkg/repository/postgres/user/user_repo.go:272.2,272.18 1 0
mail/pkg/usecase/email/email_service.go:14.69,18.2 1 0
mail/pkg/usecase/email/email_service.go:21.115,23.2 1 0
mail/pkg/usecase/email/email_service.go:26.111,28.2 1 0
mail/pkg/usecase/email/email_service.go:31.97,33.2 1 0
mail/pkg/usecase/email/email_service.go:36.109,38.2 1 0
mail/pkg/usecase/email/email_service.go:41.103,43.2 1 0
mail/pkg/usecase/email/email_service.go:46.80,47.62 1 0
mail/pkg/usecase/email/email_service.go:47.62,49.3 1 0
mail/pkg/usecase/email/email_service.go:50.2,50.12 1 0
mail/pkg/usecase/email/email_service.go:54.97,56.2 1 0
mail/pkg/usecase/email/email_service.go:59.87,61.2 1 0
mail/pkg/usecase/session/session_service.go:14.75,18.2 1 0
mail/pkg/usecase/session/session_service.go:21.115,23.2 1 0
mail/pkg/usecase/session/session_service.go:26.92,28.2 1 0
mail/pkg/usecase/session/session_service.go:31.81,33.2 1 0
mail/pkg/usecase/session/session_service.go:36.76,38.2 1 0
mail/pkg/usecase/session/session_service.go:41.58,43.2 1 0
mail/pkg/usecase/user/user_service.go:16.66,20.2 1 0
mail/pkg/usecase/user/user_service.go:23.78,25.2 1 0
mail/pkg/usecase/user/user_service.go:28.87,30.2 1 0
mail/pkg/usecase/user/user_service.go:33.96,35.2 1 0
mail/pkg/usecase/user/user_service.go:38.94,40.2 1 0
mail/pkg/usecase/user/user_service.go:43.77,45.16 2 0
mail/pkg/usecase/user/user_service.go:45.16,47.3 1 0
mail/pkg/usecase/user/user_service.go:49.2,49.26 1 0
mail/pkg/usecase/user/user_service.go:49.26,50.23 1 0
mail/pkg/usecase/user/user_service.go:50.23,52.4 1 0
mail/pkg/usecase/user/user_service.go:55.2,55.18 1 0
mail/pkg/usecase/user/user_service.go:59.97,61.16 2 0
mail/pkg/usecase/user/user_service.go:61.16,63.3 1 0
mail/pkg/usecase/user/user_service.go:65.2,65.90 1 0
mail/pkg/usecase/user/user_service.go:65.90,67.3 1 0
mail/pkg/usecase/user/user_service.go:68.2,68.84 1 0
mail/pkg/usecase/user/user_service.go:68.84,70.3 1 0
mail/pkg/usecase/user/user_service.go:71.2,71.93 1 0
mail/pkg/usecase/user/user_service.go:71.93,73.3 1 0
mail/pkg/usecase/user/user_service.go:74.2,74.78 1 0
mail/pkg/usecase/user/user_service.go:74.78,76.3 1 0
mail/pkg/usecase/user/user_service.go:77.2,77.47 1 0
mail/pkg/usecase/user/user_service.go:77.47,79.3 1 0
mail/pkg/usecase/user/user_service.go:80.2,80.96 1 0
mail/pkg/usecase/user/user_service.go:80.96,82.3 1 0
mail/pkg/usecase/user/user_service.go:83.2,83.96 1 0
mail/pkg/usecase/user/user_service.go:83.96,85.3 1 0
mail/pkg/usecase/user/user_service.go:86.2,86.87 1 0
mail/pkg/usecase/user/user_service.go:86.87,88.3 1 0
mail/pkg/usecase/user/user_service.go:90.2,91.16 2 0
mail/pkg/usecase/user/user_service.go:91.16,93.3 1 0
mail/pkg/usecase/user/user_service.go:94.2,94.13 1 0
mail/pkg/usecase/user/user_service.go:94.13,96.3 1 0
mail/pkg/usecase/user/user_service.go:98.2,98.21 1 0
mail/pkg/usecase/user/user_service.go:102.82,104.2 1 0
mail/MessageSMTP/main.go:48.53,50.2 1 0
mail/MessageSMTP/main.go:52.76,54.2 1 0
mail/MessageSMTP/main.go:56.72,57.10 1 0
mail/MessageSMTP/main.go:57.10,58.29 1 0
mail/MessageSMTP/main.go:59.20,60.34 1 0
mail/MessageSMTP/main.go:61.20,62.34 1 0
mail/MessageSMTP/main.go:63.11,64.49 1 0
mail/MessageSMTP/main.go:67.2,67.17 1 0
mail/MessageSMTP/main.go:70.13,93.16 12 0
mail/MessageSMTP/main.go:93.16,95.3 1 0
mail/MessageSMTP/main.go:97.2,97.19 1 0
mail/cmd/mail/main.go:45.13,59.16 10 0
mail/cmd/mail/main.go:59.16,61.3 1 0
mail/cmd/mail/main.go:62.2,68.21 4 0
mail/cmd/mail/main.go:71.20,73.16 2 0
mail/cmd/mail/main.go:73.16,75.3 1 0
mail/cmd/mail/main.go:77.2,77.18 1 0
mail/cmd/mail/main.go:80.35,84.16 3 0
mail/cmd/mail/main.go:84.16,86.3 1 0
mail/cmd/mail/main.go:88.2,89.16 2 0
mail/cmd/mail/main.go:89.16,91.3 1 0
mail/cmd/mail/main.go:93.2,95.11 2 0
mail/cmd/mail/main.go:98.34,104.25 3 0
mail/cmd/mail/main.go:104.25,106.3 1 0
mail/cmd/mail/main.go:109.69,118.2 6 0
mail/cmd/mail/main.go:120.104,128.2 3 0
mail/cmd/mail/main.go:130.107,138.2 3 0
mail/cmd/mail/main.go:140.104,148.2 3 0
mail/cmd/mail/main.go:150.54,156.2 4 0
mail/cmd/mail/main.go:158.166,174.2 10 0
mail/cmd/mail/main.go:176.135,186.2 7 0
mail/cmd/mail/main.go:188.134,205.2 14 0
mail/cmd/mail/main.go:207.39,223.16 7 0
mail/cmd/mail/main.go:223.16,225.3 1 0
mail/cmd/mail/main.go:228.92,230.12 2 0
mail/cmd/mail/main.go:230.12,231.7 1 0
mail/cmd/mail/main.go:231.7,232.11 1 0
mail/cmd/mail/main.go:233.20,235.19 2 0
mail/cmd/mail/main.go:235.19,237.6 1 0
mail/docs/docs.go:857.13,859.2 1 0
mail/pkg/delivery/response.go:22.73,30.2 4 0
mail/pkg/delivery/response.go:33.69,41.2 4 0
mail/pkg/delivery/auth/auth_handler.go:29.58,31.2 1 0
mail/pkg/delivery/auth/auth_handler.go:34.40,38.2 2 0
mail/pkg/delivery/auth/auth_handler.go:52.70,55.16 3 0
mail/pkg/delivery/auth/auth_handler.go:55.16,58.3 2 0
mail/pkg/delivery/auth/auth_handler.go:60.2,63.65 3 0
mail/pkg/delivery/auth/auth_handler.go:63.65,66.3 2 0
mail/pkg/delivery/auth/auth_handler.go:68.2,68.44 1 0
mail/pkg/delivery/auth/auth_handler.go:68.44,71.3 2 0
mail/pkg/delivery/auth/auth_handler.go:73.2,74.9 2 0
mail/pkg/delivery/auth/auth_handler.go:74.9,76.3 1 0
mail/pkg/delivery/auth/auth_handler.go:78.2,79.16 2 0
mail/pkg/delivery/auth/auth_handler.go:79.16,82.3 2 0
mail/pkg/delivery/auth/auth_handler.go:84.2,85.15 2 0
mail/pkg/delivery/auth/auth_handler.go:85.15,88.3 2 0
mail/pkg/delivery/auth/auth_handler.go:90.2,90.97 1 0
mail/pkg/delivery/auth/auth_handler.go:104.71,107.16 3 0
mail/pkg/delivery/auth/auth_handler.go:107.16,110.3 2 0
mail/pkg/delivery/auth/auth_handler.go:112.2,121.156 9 0
mail/pkg/delivery/auth/auth_handler.go:121.156,124.3 2 0
mail/pkg/delivery/auth/auth_handler.go:126.2,126.40 1 0
mail/pkg/delivery/auth/auth_handler.go:126.40,129.3 2 0
mail/pkg/delivery/auth/auth_handler.go:131.2,132.9 2 0
mail/pkg/delivery/auth/auth_handler.go:132.9,134.3 1 0
mail/pkg/delivery/auth/auth_handler.go:136.2,137.18 2 0
mail/pkg/delivery/auth/auth_handler.go:137.18,140.3 2 0
mail/pkg/delivery/auth/auth_handler.go:142.2,143.15 2 0
mail/pkg/delivery/auth/auth_handler.go:143.15,146.3 2 0
mail/pkg/delivery/auth/auth_handler.go:148.2,148.98 1 0
mail/pkg/delivery/auth/auth_handler.go:158.71,160.9 2 0
mail/pkg/delivery/auth/auth_handler.go:160.9,162.3 1 0
mail/pkg/delivery/auth/auth_handler.go:164.2,165.16 2 0
mail/pkg/delivery/auth/auth_handler.go:165.16,168.3 2 0
mail/pkg/delivery/auth/auth_handler.go:170.2,170.98 1 0
mail/pkg/delivery/auth/auth_handler.go:175.31,177.2 1 0
mail/pkg/delivery/auth/auth_handler.go:180.44,184.2 2 0
mail/pkg/delivery/converters/email_converter.go:9.74,24.2 1 0
mail/pkg/delivery/converters/email_converter.go:27.75,42.2 1 0
mail/pkg/delivery/converters/session_converter.go:9.88,18.2 1 1
mail/pkg/delivery/converters/session_converter.go:21.87,30.2 1 0
mail/pkg/delivery/converters/user_converter.go:9.64,22.2 1 0
mail/pkg/delivery/converters/user_converter.go:25.63,39.2 1 0
mail/pkg/delivery/email/email_handler.go:33.40,37.2 3 0
mail/pkg/delivery/email/email_handler.go:50.73,52.9 2 0
mail/pkg/delivery/email/email_handler.go:52.9,54.3 1 0
mail/pkg/delivery/email/email_handler.go:56.2,57.16 2 0
mail/pkg/delivery/email/email_handler.go:57.16,60.3 2 0
mail/pkg/delivery/email/email_handler.go:62.2,63.16 2 0
mail/pkg/delivery/email/email_handler.go:63.16,66.3 2 0
mail/pkg/delivery/email/email_handler.go:68.2,69.16 2 0
mail/pkg/delivery/email/email_handler.go:69.16,72.3 2 0
mail/pkg/delivery/email/email_handler.go:74.2,75.31 2 0
mail/pkg/delivery/email/email_handler.go:75.31,77.3 1 0
mail/pkg/delivery/email/email_handler.go:79.2,79.87 1 0
mail/pkg/delivery/email/email_handler.go:93.69,95.9 2 0
mail/pkg/delivery/email/email_handler.go:95.9,97.3 1 0
mail/pkg/delivery/email/email_handler.go:99.2,100.16 2 0
mail/pkg/delivery/email/email_handler.go:100.16,103.3 2 0
mail/pkg/delivery/email/email_handler.go:105.2,106.16 2 0
mail/pkg/delivery/email/email_handler.go:106.16,109.3 2 0
mail/pkg/delivery/email/email_handler.go:111.2,112.16 2 0
mail/pkg/delivery/email/email_handler.go:112.16,115.3 2 0
mail/pkg/delivery/email/email_handler.go:117.2,118.31 2 0
mail/pkg/delivery/email/email_handler.go:118.31,120.3 1 0
mail/pkg/delivery/email/email_handler.go:122.2,122.87 1 0
mail/pkg/delivery/email/email_handler.go:137.72,140.16 3 0
mail/pkg/delivery/email/email_handler.go:140.16,143.3 2 0
mail/pkg/delivery/email/email_handler.go:145.2,146.9 2 0
mail/pkg/delivery/email/email_handler.go:146.9,148.3 1 0
mail/pkg/delivery/email/email_handler.go:150.2,151.16 2 0
mail/pkg/delivery/email/email_handler.go:151.16,154.3 2 0
mail/pkg/delivery/email/email_handler.go:156.2,157.16 2 0
mail/pkg/delivery/email/email_handler.go:157.16,160.3 2 0
mail/pkg/delivery/email/email_handler.go:162.2,163.16 2 0
mail/pkg/delivery/email/email_handler.go:163.16,166.3 2 0
mail/pkg/delivery/email/email_handler.go:168.2,168.117 1 0
mail/pkg/delivery/email/email_handler.go:184.69,189.16 5 0
mail/pkg/delivery/email/email_handler.go:189.16,192.3 2 0
mail/pkg/delivery/email/email_handler.go:194.2,203.9 9 0
mail/pkg/delivery/email/email_handler.go:203.9,205.3 1 0
mail/pkg/delivery/email/email_handler.go:207.2,207.9 1 0
mail/pkg/delivery/email/email_handler.go:208.71,210.17 2 0
mail/pkg/delivery/email/email_handler.go:210.17,213.4 2 0
mail/pkg/delivery/email/email_handler.go:215.3,216.17 2 0
mail/pkg/delivery/email/email_handler.go:216.17,219.4 2 0
mail/pkg/delivery/email/email_handler.go:221.3,222.17 2 0
mail/pkg/delivery/email/email_handler.go:222.17,225.4 2 0
mail/pkg/delivery/email/email_handler.go:227.3,228.17 2 0
mail/pkg/delivery/email/email_handler.go:228.17,231.4 2 0
mail/pkg/delivery/email/email_handler.go:233.3,234.9 2 0
mail/pkg/delivery/email/email_handler.go:235.88,244.9 2 0
mail/pkg/delivery/email/email_handler.go:245.88,247.17 2 0
mail/pkg/delivery/email/email_handler.go:247.17,250.4 2 0
mail/pkg/delivery/email/email_handler.go:252.3,253.17 2 0
mail/pkg/delivery/email/email_handler.go:253.17,256.4 2 0
mail/pkg/delivery/email/email_handler.go:258.3,259.17 2 0
mail/pkg/delivery/email/email_handler.go:259.17,262.4 2 0
mail/pkg/delivery/email/email_handler.go:264.3,265.9 2 0
mail/pkg/delivery/email/email_handler.go:291.71,294.16 3 0
mail/pkg/delivery/email/email_handler.go:294.16,297.3 2 0
mail/pkg/delivery/email/email_handler.go:299.2,303.16 5 0
mail/pkg/delivery/email/email_handler.go:303.16,306.3 2 0
mail/pkg/delivery/email/email_handler.go:308.2,316.9 8 0
mail/pkg/delivery/email/email_handler.go:316.9,318.3 1 0
mail/pkg/delivery/email/email_handler.go:320.2,322.32 3 0
mail/pkg/delivery/email/email_handler.go:322.32,325.3 2 0
mail/pkg/delivery/email/email_handler.go:327.2,328.16 2 0
mail/pkg/delivery/email/email_handler.go:328.16,331.3 2 0
mail/pkg/delivery/email/email_handler.go:333.2,333.81 1 0
mail/pkg/delivery/email/email_handler.go:348.71,351.16 3 0
mail/pkg/delivery/email/email_handler.go:351.16,354.3 2 0
mail/pkg/delivery/email/email_handler.go:356.2,357.9 2 0
mail/pkg/delivery/email/email_handler.go:357.9,359.3 1 0
mail/pkg/delivery/email/email_handler.go:361.2,362.16 2 0
mail/pkg/delivery/email/email_handler.go:362.16,365.3 2 0
mail/pkg/delivery/email/email_handler.go:367.2,368.16 2 0
mail/pkg/delivery/email/email_handler.go:368.16,371.3 2 0
mail/pkg/delivery/email/email_handler.go:373.2,374.16 2 0
mail/pkg/delivery/email/email_handler.go:374.16,377.3 2 0
mail/pkg/delivery/email/email_handler.go:379.2,379.81 1 0
mail/pkg/delivery/email/email_handler.go:382.86,384.2 1 0
mail/pkg/delivery/email/email_handler.go:386.46,389.2 2 0
mail/pkg/delivery/middleware/middleware.go:25.77,27.2 1 0
mail/pkg/delivery/middleware/middleware.go:29.57,32.2 2 0
mail/pkg/delivery/middleware/middleware.go:35.53,36.71 1 0
mail/pkg/delivery/middleware/middleware.go:36.71,38.10 2 0
mail/pkg/delivery/middleware/middleware.go:38.10,40.4 1 0
mail/pkg/delivery/middleware/middleware.go:41.3,42.17 2 0
mail/pkg/delivery/middleware/middleware.go:42.17,45.4 2 0
mail/pkg/delivery/middleware/middleware.go:47.3,47.23 1 0
mail/pkg/delivery/middleware/middleware.go:51.72,52.71 1 0
mail/pkg/delivery/middleware/middleware.go:52.71,58.10 5 0
mail/pkg/delivery/middleware/middleware.go:58.10,60.4 1 0
mail/pkg/delivery/middleware/middleware.go:62.3,71.10 3 0
mail/pkg/delivery/middleware/middleware.go:72.47,73.23 1 0
mail/pkg/delivery/middleware/middleware.go:74.47,75.40 1 0
mail/pkg/delivery/middleware/middleware.go:76.47,77.33 1 0
mail/pkg/delivery/middleware/middleware.go:83.54,84.71 1 0
mail/pkg/delivery/middleware/middleware.go:84.71,85.16 1 0
mail/pkg/delivery/middleware/middleware.go:85.16,86.36 1 0
mail/pkg/delivery/middleware/middleware.go:86.36,88.5 1 0
mail/pkg/delivery/middleware/middleware.go:90.3,90.23 1 0
mail/pkg/delivery/session/manager.go:23.74,25.2 1 0
mail/pkg/delivery/session/manager.go:28.75,32.2 1 1
mail/pkg/delivery/session/manager.go:35.90,39.17 3 1
mail/pkg/delivery/session/manager.go:39.17,41.3 1 1
mail/pkg/delivery/session/manager.go:43.2,43.50 1 1
mail/pkg/delivery/session/manager.go:47.94,49.60 2 1
mail/pkg/delivery/session/manager.go:49.60,51.3 1 1
mail/pkg/delivery/session/manager.go:53.2,54.29 2 1
mail/pkg/delivery/session/manager.go:54.29,56.3 1 1
mail/pkg/delivery/session/manager.go:58.2,59.15 2 1
mail/pkg/delivery/session/manager.go:59.15,61.3 1 1
mail/pkg/delivery/session/manager.go:62.2,62.72 1 1
mail/pkg/delivery/session/manager.go:62.72,64.3 1 1
mail/pkg/delivery/session/manager.go:66.2,66.55 1 1
mail/pkg/delivery/session/manager.go:70.87,73.16 3 0
mail/pkg/delivery/session/manager.go:73.16,75.3 1 0
mail/pkg/delivery/session/manager.go:76.2,76.22 1 0
mail/pkg/delivery/session/manager.go:76.22,78.3 1 0
mail/pkg/delivery/session/manager.go:80.2,80.12 1 0
mail/pkg/delivery/session/manager.go:84.96,87.16 3 0
mail/pkg/delivery/session/manager.go:87.16,89.3 1 0
mail/pkg/delivery/session/manager.go:91.2,91.19 1 0
mail/pkg/delivery/session/manager.go:95.116,98.16 2 1
mail/pkg/delivery/session/manager.go:98.16,100.3 1 1
mail/pkg/delivery/session/manager.go:102.2,116.55 5 1
mail/pkg/delivery/session/manager.go:120.107,122.16 2 1
mail/pkg/delivery/session/manager.go:122.16,124.3 1 1
mail/pkg/delivery/session/manager.go:126.2,127.15 2 1
mail/pkg/delivery/session/manager.go:127.15,129.3 1 0
mail/pkg/delivery/session/manager.go:131.2,138.12 3 1
mail/pkg/delivery/user/user_handler.go:35.58,37.2 1 0
mail/pkg/delivery/user/user_handler.go:40.40,44.2 2 0
mail/pkg/delivery/user/user_handler.go:54.75,56.9 2 0
mail/pkg/delivery/user/user_handler.go:56.9,58.3 1 0
mail/pkg/delivery/user/user_handler.go:60.2,63.83 3 0
mail/pkg/delivery/user/user_handler.go:76.81,78.9 2 0
mail/pkg/delivery/user/user_handler.go:78.9,80.3 1 0
mail/pkg/delivery/user/user_handler.go:81.2,83.16 3 0
mail/pkg/delivery/user/user_handler.go:83.16,86.3 2 0
mail/pkg/delivery/user/user_handler.go:88.2,96.118 8 0
mail/pkg/delivery/user/user_handler.go:112.79,115.16 3 0
mail/pkg/delivery/user/user_handler.go:115.16,118.3 2 0
mail/pkg/delivery/user/user_handler.go:120.2,129.9 9 0
mail/pkg/delivery/user/user_handler.go:129.9,131.3 1 0
mail/pkg/delivery/user/user_handler.go:133.2,134.42 2 0
mail/pkg/delivery/user/user_handler.go:134.42,137.3 2 0
mail/pkg/delivery/user/user_handler.go:139.2,140.16 2 0
mail/pkg/delivery/user/user_handler.go:140.16,143.3 2 0
mail/pkg/delivery/user/user_handler.go:145.2,145.121 1 0
mail/pkg/delivery/user/user_handler.go:161.79,164.16 3 0
mail/pkg/delivery/user/user_handler.go:164.16,167.3 2 0
mail/pkg/delivery/user/user_handler.go:169.2,170.9 2 0
mail/pkg/delivery/user/user_handler.go:170.9,172.3 1 0
mail/pkg/delivery/user/user_handler.go:174.2,175.42 2 0
mail/pkg/delivery/user/user_handler.go:175.42,178.3 2 0
mail/pkg/delivery/user/user_handler.go:180.2,181.16 2 0
mail/pkg/delivery/user/user_handler.go:181.16,184.3 2 0
mail/pkg/delivery/user/user_handler.go:185.2,185.14 1 0
mail/pkg/delivery/user/user_handler.go:185.14,188.3 2 0
mail/pkg/delivery/user/user_handler.go:190.2,190.111 1 0
mail/pkg/delivery/user/user_handler.go:206.81,208.16 2 0
mail/pkg/delivery/user/user_handler.go:208.16,211.3 2 0
mail/pkg/delivery/user/user_handler.go:213.2,214.16 2 0
mail/pkg/delivery/user/user_handler.go:214.16,217.3 2 0
mail/pkg/delivery/user/user_handler.go:218.2,220.38 2 0
mail/pkg/delivery/user/user_handler.go:220.38,223.3 2 0
mail/pkg/delivery/user/user_handler.go:225.2,228.16 4 0
mail/pkg/delivery/user/user_handler.go:228.16,231.3 2 0
mail/pkg/delivery/user/user_handler.go:232.2,235.16 3 0
mail/pkg/delivery/user/user_handler.go:235.16,238.3 2 0
mail/pkg/delivery/user/user_handler.go:240.2,241.9 2 0
mail/pkg/delivery/user/user_handler.go:241.9,243.3 1 0
mail/pkg/delivery/user/user_handler.go:245.2,247.16 3 0
mail/pkg/delivery/user/user_handler.go:247.16,250.3 2 0
mail/pkg/delivery/user/user_handler.go:252.2,254.16 3 0
mail/pkg/delivery/user/user_handler.go:254.16,257.3 2 0
mail/pkg/delivery/user/user_handler.go:258.2,260.107 2 0
mail/pkg/delivery/user/user_handler.go:264.51,272.2 5 0
mail/pkg/domain/logger/logger.go:30.65,32.19 2 0
mail/pkg/domain/logger/logger.go:32.19,33.22 1 0
mail/pkg/domain/logger/logger.go:34.25,35.114 1 0
mail/pkg/domain/logger/logger.go:36.25,37.117 1 0
mail/pkg/domain/logger/logger.go:38.26,39.115 1 0
mail/pkg/domain/logger/logger.go:40.45,41.118 1 0
mail/pkg/domain/logger/logger.go:42.11,43.117 1 0
mail/pkg/domain/logger/logger.go:45.8,47.3 1 0
mail/pkg/domain/logger/logger.go:49.2,50.16 2 0
mail/pkg/domain/logger/logger.go:50.16,52.3 1 0
mail/pkg/domain/logger/logger.go:53.2,61.51 7 0
mail/pkg/domain/logger/logger.go:61.51,67.3 5 0
mail/pkg/domain/logger/logger.go:67.8,67.54 1 0
mail/pkg/domain/logger/logger.go:67.54,70.3 2 0
mail/pkg/domain/logger/logger.go:71.2,71.28 1 0
mail/pkg/domain/logger/logger.go:74.52,91.2 3 0
mail/pkg/domain/logger/logger.go:93.55,110.2 3 0
mail/pkg/domain/logger/logger.go:112.45,116.2 3 0
mail/pkg/domain/logger/logger.go:118.106,120.25 2 0
mail/pkg/domain/logger/logger.go:120.25,122.3 1 0
mail/pkg/domain/logger/logger.go:123.2,132.17 3 0
mail/pkg/domain/logger/logger.go:132.17,134.3 1 0
mail/pkg/domain/logger/logger.go:134.8,136.3 1 0
mail/pkg/domain/mock/email_repository_mock.go:26.75,30.2 3 0
mail/pkg/domain/mock/email_repository_mock.go:33.73,35.2 1 0
mail/pkg/domain/mock/email_repository_mock.go:38.104,45.2 6 0
mail/pkg/domain/mock/email_repository_mock.go:48.91,51.2 2 0
mail/pkg/domain/mock/email_repository_mock.go:54.106,59.2 4 0
mail/pkg/domain/mock/email_repository_mock.go:62.125,65.2 2 0
mail/pkg/domain/mock/email_repository_mock.go:68.88,74.2 5 0
mail/pkg/domain/mock/email_repository_mock.go:77.98,80.2 2 0
mail/pkg/domain/mock/email_repository_mock.go:83.72,88.2 4 0
mail/pkg/domain/mock/email_repository_mock.go:91.97,94.2 2 0
mail/pkg/domain/mock/email_repository_mock.go:97.115,103.2 5 0
mail/pkg/domain/mock/email_repository_mock.go:106.117,109.2 2 0
mail/pkg/domain/mock/email_repository_mock.go:112.111,118.2 5 0
mail/pkg/domain/mock/email_repository_mock.go:121.113,124.2 2 0
mail/pkg/domain/mock/email_repository_mock.go:127.98,133.2 5 0
mail/pkg/domain/mock/email_repository_mock.go:136.99,139.2 2 0
mail/pkg/domain/mock/email_repository_mock.go:142.94,148.2 5 0
mail/pkg/domain/mock/email_repository_mock.go:151.97,154.2 2 0
mail/pkg/domain/mock/email_service_mock.go:26.69,30.2 3 0
mail/pkg/domain/mock/email_service_mock.go:33.67,35.2 1 0
mail/pkg/domain/mock/email_service_mock.go:38.83,43.2 4 0
mail/pkg/domain/mock/email_service_mock.go:46.108,49.2 2 0
mail/pkg/domain/mock/email_service_mock.go:52.112,59.2 6 0
mail/pkg/domain/mock/email_service_mock.go:62.99,65.2 2 0
mail/pkg/domain/mock/email_service_mock.go:68.106,73.2 4 0
mail/pkg/domain/mock/email_service_mock.go:76.125,79.2 2 0
mail/pkg/domain/mock/email_service_mock.go:82.90,88.2 5 0
mail/pkg/domain/mock/email_service_mock.go:91.100,94.2 2 0
mail/pkg/domain/mock/email_service_mock.go:97.118,103.2 5 0
mail/pkg/domain/mock/email_service_mock.go:106.120,109.2 2 0
mail/pkg/domain/mock/email_service_mock.go:112.114,118.2 5 0
mail/pkg/domain/mock/email_service_mock.go:121.116,124.2 2 0
mail/pkg/domain/mock/email_service_mock.go:127.100,133.2 5 0
mail/pkg/domain/mock/email_service_mock.go:136.101,139.2 2 0
mail/pkg/domain/mock/email_service_mock.go:142.100,148.2 5 0
mail/pkg/domain/mock/email_service_mock.go:151.103,154.2 2 0
mail/pkg/domain/mock/manager_mock.go:27.75,31.2 3 0
mail/pkg/domain/mock/manager_mock.go:34.73,36.2 1 0
mail/pkg/domain/mock/manager_mock.go:39.97,45.2 5 0
mail/pkg/domain/mock/manager_mock.go:48.89,51.2 2 0
mail/pkg/domain/mock/manager_mock.go:54.90,59.2 4 0
mail/pkg/domain/mock/manager_mock.go:62.101,65.2 2 0
mail/pkg/domain/mock/manager_mock.go:68.119,74.2 5 0
mail/pkg/domain/mock/manager_mock.go:77.98,80.2 2 0
mail/pkg/domain/mock/manager_mock.go:83.110,88.2 4 0
mail/pkg/domain/mock/manager_mock.go:91.101,94.2 2 0
mail/pkg/domain/mock/manager_mock.go:97.100,103.2 5 0
mail/pkg/domain/mock/manager_mock.go:106.101,109.2 2 0
mail/pkg/domain/mock/manager_mock.go:112.93,117.2 4 0
mail/pkg/domain/mock/manager_mock.go:120.94,123.2 2 0
mail/pkg/domain/mock/session_repository_mock.go:26.79,30.2 3 0
mail/pkg/domain/mock/session_repository_mock.go:33.77,35.2 1 0
mail/pkg/domain/mock/session_repository_mock.go:38.118,44.2 5 0
mail/pkg/domain/mock/session_repository_mock.go:47.122,50.2 2 0
mail/pkg/domain/mock/session_repository_mock.go:53.63,58.2 4 0
mail/pkg/domain/mock/session_repository_mock.go:61.83,64.2 2 0
mail/pkg/domain/mock/session_repository_mock.go:67.86,72.2 4 0
mail/pkg/domain/mock/session_repository_mock.go:75.111,78.2 2 0
mail/pkg/domain/mock/session_repository_mock.go:81.98,87.2 5 0
mail/pkg/domain/mock/session_repository_mock.go:90.113,93.2 2 0
mail/pkg/domain/mock/session_repository_mock.go:96.102,102.2 5 0
mail/pkg/domain/mock/session_repository_mock.go:105.108,108.2 2 0
mail/pkg/domain/mock/session_service_mock.go:26.73,30.2 3 1
mail/pkg/domain/mock/session_service_mock.go:33.71,35.2 1 1
mail/pkg/domain/mock/session_service_mock.go:38.61,43.2 4 0
mail/pkg/domain/mock/session_service_mock.go:46.81,49.2 2 0
mail/pkg/domain/mock/session_service_mock.go:52.118,58.2 5 1
mail/pkg/domain/mock/session_service_mock.go:61.122,64.2 2 1
mail/pkg/domain/mock/session_service_mock.go:67.79,72.2 4 1
mail/pkg/domain/mock/session_service_mock.go:75.104,78.2 2 1
mail/pkg/domain/mock/session_service_mock.go:81.84,87.2 5 0
mail/pkg/domain/mock/session_service_mock.go:90.99,93.2 2 0
mail/pkg/domain/mock/session_service_mock.go:96.95,102.2 5 1
mail/pkg/domain/mock/session_service_mock.go:105.101,108.2 2 1
mail/pkg/domain/mock/user_repository_mock.go:26.73,30.2 3 0
mail/pkg/domain/mock/user_repository_mock.go:33.71,35.2 1 0
mail/pkg/domain/mock/user_repository_mock.go:38.93,44.2 5 0
mail/pkg/domain/mock/user_repository_mock.go:47.89,50.2 2 0
mail/pkg/domain/mock/user_repository_mock.go:53.80,59.2 5 0
mail/pkg/domain/mock/user_repository_mock.go:62.90,65.2 2 0
mail/pkg/domain/mock/user_repository_mock.go:68.98,74.2 5 0
mail/pkg/domain/mock/user_repository_mock.go:77.101,80.2 2 0
mail/pkg/domain/mock/user_repository_mock.go:83.89,89.2 5 0
mail/pkg/domain/mock/user_repository_mock.go:92.91,95.2 2 0
mail/pkg/domain/mock/user_repository_mock.go:98.102,104.2 5 0
mail/pkg/domain/mock/user_repository_mock.go:107.111,110.2 2 0
mail/pkg/domain/mock/user_repository_mock.go:113.91,119.2 5 0
mail/pkg/domain/mock/user_repository_mock.go:122.95,125.2 2 0
mail/pkg/domain/mock/user_service_mock.go:26.67,30.2 3 0
mail/pkg/domain/mock/user_service_mock.go:33.65,35.2 1 0
mail/pkg/domain/mock/user_service_mock.go:38.97,44.2 5 0
mail/pkg/domain/mock/user_service_mock.go:47.93,50.2 2 0
mail/pkg/domain/mock/user_service_mock.go:53.85,59.2 5 0
mail/pkg/domain/mock/user_service_mock.go:62.95,65.2 2 0
mail/pkg/domain/mock/user_service_mock.go:68.81,74.2 5 0
mail/pkg/domain/mock/user_service_mock.go:77.88,80.2 2 0
mail/pkg/domain/mock/user_service_mock.go:83.90,89.2 5 0
mail/pkg/domain/mock/user_service_mock.go:92.92,95.2 2 0
mail/pkg/domain/mock/user_service_mock.go:98.99,104.2 5 0
mail/pkg/domain/mock/user_service_mock.go:107.108,110.2 2 0
mail/pkg/domain/mock/user_service_mock.go:113.80,119.2 5 0
mail/pkg/domain/mock/user_service_mock.go:122.97,125.2 2 0
mail/pkg/domain/mock/user_service_mock.go:128.100,134.2 5 0
mail/pkg/domain/mock/user_service_mock.go:137.96,140.2 2 0
mail/pkg/domain/models/gender.go:12.44,13.16 1 0
mail/pkg/domain/models/gender.go:14.27,15.14 1 0
mail/pkg/domain/models/gender.go:16.10,17.15 1 0
mail/pkg/repository/converters/email_converter.go:9.70,12.40 2 0
mail/pkg/repository/converters/email_converter.go:12.40,14.3 1 0
mail/pkg/repository/converters/email_converter.go:14.8,16.3 1 0
mail/pkg/repository/converters/email_converter.go:18.2,31.3 1 0
mail/pkg/repository/converters/email_converter.go:35.72,51.40 2 0
mail/pkg/repository/converters/email_converter.go:51.40,53.3 1 0
mail/pkg/repository/converters/email_converter.go:55.2,55.16 1 0
mail/pkg/repository/converters/session_converter.go:9.84,18.2 1 0
mail/pkg/repository/converters/session_converter.go:21.86,30.2 1 0
mail/pkg/repository/converters/user_converter.go:9.66,22.2 1 0
mail/pkg/repository/converters/user_converter.go:25.68,39.2 1 0
mail/pkg/repository/postgres/email/email_repo.go:22.55,24.16 2 0
mail/pkg/repository/postgres/email/email_repo.go:24.16,26.3 1 0
mail/pkg/repository/postgres/email/email_repo.go:27.2,28.33 2 0
mail/pkg/repository/postgres/email/email_repo.go:31.109,45.16 9 0
mail/pkg/repository/postgres/email/email_repo.go:45.16,47.3 1 0
mail/pkg/repository/postgres/email/email_repo.go:49.2,49.32 1 0
mail/pkg/repository/postgres/email/email_repo.go:52.102,62.16 6 0
mail/pkg/repository/postgres/email/email_repo.go:62.16,64.3 1 0
mail/pkg/repository/postgres/email/email_repo.go:66.2,66.12 1 0
mail/pkg/repository/postgres/email/email_repo.go:70.68,79.16 7 0
mail/pkg/repository/postgres/email/email_repo.go:79.16,81.3 1 0
mail/pkg/repository/postgres/email/email_repo.go:83.2,83.12 1 0
mail/pkg/repository/postgres/email/email_repo.go:86.111,97.30 6 0
mail/pkg/repository/postgres/email/email_repo.go:97.30,101.3 3 0
mail/pkg/repository/postgres/email/email_repo.go:101.8,104.3 2 0
mail/pkg/repository/postgres/email/email_repo.go:105.2,107.16 2 0
mail/pkg/repository/postgres/email/email_repo.go:107.16,108.36 1 0
mail/pkg/repository/postgres/email/email_repo.go:108.36,110.4 1 0
mail/pkg/repository/postgres/email/email_repo.go:111.3,111.18 1 0
mail/pkg/repository/postgres/email/email_repo.go:114.2,115.34 2 0
mail/pkg/repository/postgres/email/email_repo.go:115.34,117.3 1 0
mail/pkg/repository/postgres/email/email_repo.go:119.2,119.29 1 0
mail/pkg/repository/postgres/email/email_repo.go:122.107,133.30 6 0
mail/pkg/repository/postgres/email/email_repo.go:133.30,137.3 3 0
mail/pkg/repository/postgres/email/email_repo.go:137.8,140.3 2 0
mail/pkg/repository/postgres/email/email_repo.go:141.2,143.16 2 0
mail/pkg/repository/postgres/email/email_repo.go:143.16,144.36 1 0
mail/pkg/repository/postgres/email/email_repo.go:144.36,146.4 1 0
mail/pkg/repository/postgres/email/email_repo.go:147.3,147.18 1 0
mail/pkg/repository/postgres/email/email_repo.go:150.2,151.34 2 0
mail/pkg/repository/postgres/email/email_repo.go:151.34,154.3 2 0
mail/pkg/repository/postgres/email/email_repo.go:156.2,156.29 1 0
mail/pkg/repository/postgres/email/email_repo.go:159.94,169.16 7 0
mail/pkg/repository/postgres/email/email_repo.go:169.16,170.36 1 0
mail/pkg/repository/postgres/email/email_repo.go:170.36,172.4 1 0
mail/pkg/repository/postgres/email/email_repo.go:173.3,173.18 1 0
mail/pkg/repository/postgres/email/email_repo.go:176.2,176.59 1 0
mail/pkg/repository/postgres/email/email_repo.go:179.90,201.16 7 0
mail/pkg/repository/postgres/email/email_repo.go:201.16,203.3 1 0
mail/pkg/repository/postgres/email/email_repo.go:205.2,206.16 2 0
mail/pkg/repository/postgres/email/email_repo.go:206.16,208.3 1 0
mail/pkg/repository/postgres/email/email_repo.go:210.2,210.23 1 0
mail/pkg/repository/postgres/email/email_repo.go:210.23,213.3 2 0
mail/pkg/repository/postgres/email/email_repo.go:215.2,215.18 1 0
mail/pkg/repository/postgres/email/email_repo.go:218.84,225.16 6 0
mail/pkg/repository/postgres/email/email_repo.go:225.16,227.3 1 0
mail/pkg/repository/postgres/email/email_repo.go:229.2,230.16 2 0
mail/pkg/repository/postgres/email/email_repo.go:230.16,232.3 1 0
mail/pkg/repository/postgres/email/email_repo.go:234.2,234.23 1 0
mail/pkg/repository/postgres/email/email_repo.go:234.23,237.3 2 0
mail/pkg/repository/postgres/email/email_repo.go:239.2,239.18 1 0
mail/pkg/repository/postgres/session/session_repo.go:27.59,29.16 2 0
mail/pkg/repository/postgres/session/session_repo.go:29.16,31.3 1 0
mail/pkg/repository/postgres/session/session_repo.go:32.2,35.3 2 0
mail/pkg/repository/postgres/session/session_repo.go:42.54,47.2 3 0
mail/pkg/repository/postgres/session/session_repo.go:50.117,65.16 9 0
mail/pkg/repository/postgres/session/session_repo.go:65.16,67.3 1 0
mail/pkg/repository/postgres/session/session_repo.go:69.2,69.16 1 0
mail/pkg/repository/postgres/session/session_repo.go:73.101,82.16 7 0
mail/pkg/repository/postgres/session/session_repo.go:82.16,84.3 1 0
mail/pkg/repository/postgres/session/session_repo.go:86.2,86.56 1 0
mail/pkg/repository/postgres/session/session_repo.go:90.97,103.16 7 0
mail/pkg/repository/postgres/session/session_repo.go:103.16,105.3 1 0
mail/pkg/repository/postgres/session/session_repo.go:107.2,107.19 1 0
mail/pkg/repository/postgres/session/session_repo.go:111.85,119.16 6 0
mail/pkg/repository/postgres/session/session_repo.go:119.16,121.3 1 0
mail/pkg/repository/postgres/session/session_repo.go:123.2,123.12 1 0
mail/pkg/repository/postgres/session/session_repo.go:127.62,135.16 6 0
mail/pkg/repository/postgres/session/session_repo.go:135.16,137.3 1 0
mail/pkg/repository/postgres/session/session_repo.go:139.2,139.12 1 0
mail/pkg/repository/postgres/user/user_repo.go:30.53,32.16 2 0
mail/pkg/repository/postgres/user/user_repo.go:32.16,34.3 1 0
mail/pkg/repository/postgres/user/user_repo.go:35.2,36.32 2 0
mail/pkg/repository/postgres/user/user_repo.go:43.72,45.16 2 0
mail/pkg/repository/postgres/user/user_repo.go:45.16,47.3 1 0
mail/pkg/repository/postgres/user/user_repo.go:49.2,49.28 1 0
mail/pkg/repository/postgres/user/user_repo.go:56.72,60.2 2 0
mail/pkg/repository/postgres/user/user_repo.go:66.56,70.16 3 0
mail/pkg/repository/postgres/user/user_repo.go:70.16,73.3 1 0
mail/pkg/repository/postgres/user/user_repo.go:75.2,77.21 2 0
mail/pkg/repository/postgres/user/user_repo.go:81.94,89.30 6 0
mail/pkg/repository/postgres/user/user_repo.go:89.30,92.3 2 0
mail/pkg/repository/postgres/user/user_repo.go:92.8,94.3 1 0
mail/pkg/repository/postgres/user/user_repo.go:95.2,97.16 2 0
mail/pkg/repository/postgres/user/user_repo.go:97.16,99.3 1 0
mail/pkg/repository/postgres/user/user_repo.go:101.2,102.43 2 0
mail/pkg/repository/postgres/user/user_repo.go:102.43,104.3 1 0
mail/pkg/repository/postgres/user/user_repo.go:106.2,106.23 1 0
mail/pkg/repository/postgres/user/user_repo.go:110.85,120.16 7 0
mail/pkg/repository/postgres/user/user_repo.go:120.16,121.36 1 0
mail/pkg/repository/postgres/user/user_repo.go:121.36,123.4 1 0
mail/pkg/repository/postgres/user/user_repo.go:125.3,125.18 1 0
mail/pkg/repository/postgres/user/user_repo.go:128.2,128.57 1 0
mail/pkg/repository/postgres/user/user_repo.go:132.98,142.16 7 0
mail/pkg/repository/postgres/user/user_repo.go:142.16,143.36 1 0
mail/pkg/repository/postgres/user/user_repo.go:143.36,145.4 1 0
mail/pkg/repository/postgres/user/user_repo.go:147.3,147.18 1 0
mail/pkg/repository/postgres/user/user_repo.go:150.2,150.55 1 0
mail/pkg/repository/postgres/user/user_repo.go:150.55,152.3 1 0
mail/pkg/repository/postgres/user/user_repo.go:152.8,155.3 2 0
mail/pkg/repository/postgres/user/user_repo.go:159.98,170.13 6 0
mail/pkg/repository/postgres/user/user_repo.go:170.13,172.3 1 0
mail/pkg/repository/postgres/user/user_repo.go:174.2,178.16 4 0
mail/pkg/repository/postgres/user/user_repo.go:178.16,180.3 1 0
mail/pkg/repository/postgres/user/user_repo.go:182.2,182.27 1 0
mail/pkg/repository/postgres/user/user_repo.go:186.91,231.16 7 0
mail/pkg/repository/postgres/user/user_repo.go:231.16,233.3 1 0
mail/pkg/repository/postgres/user/user_repo.go:235.2,236.16 2 0
mail/pkg/repository/postgres/user/user_repo.go:236.16,238.3 1 0
mail/pkg/repository/postgres/user/user_repo.go:240.2,240.23 1 0
mail/pkg/repository/postgres/user/user_repo.go:240.23,243.3 2 0
mail/pkg/repository/postgres/user/user_repo.go:245.2,245.18 1 0
mail/pkg/repository/postgres/user/user_repo.go:249.76,258.16 6 0
mail/pkg/repository/postgres/user/user_repo.go:258.16,260.3 1 0
mail/pkg/repository/postgres/user/user_repo.go:262.2,263.16 2 0
mail/pkg/repository/postgres/user/user_repo.go:263.16,265.3 1 0
mail/pkg/repository/postgres/user/user_repo.go:267.2,267.23 1 0
mail/pkg/repository/postgres/user/user_repo.go:267.23,270.3 2 0
mail/pkg/repository/postgres/user/user_repo.go:272.2,272.18 1 0
mail/pkg/usecase/email/email_service.go:14.69,18.2 1 0
mail/pkg/usecase/email/email_service.go:21.115,23.2 1 0
mail/pkg/usecase/email/email_service.go:26.111,28.2 1 0
mail/pkg/usecase/email/email_service.go:31.97,33.2 1 0
mail/pkg/usecase/email/email_service.go:36.109,38.2 1 0
mail/pkg/usecase/email/email_service.go:41.103,43.2 1 0
mail/pkg/usecase/email/email_service.go:46.80,47.62 1 0
mail/pkg/usecase/email/email_service.go:47.62,49.3 1 0
mail/pkg/usecase/email/email_service.go:50.2,50.12 1 0
mail/pkg/usecase/email/email_service.go:54.97,56.2 1 0
mail/pkg/usecase/email/email_service.go:59.87,61.2 1 0
mail/pkg/usecase/session/session_service.go:14.75,18.2 1 0
mail/pkg/usecase/session/session_service.go:21.115,23.2 1 0
mail/pkg/usecase/session/session_service.go:26.92,28.2 1 0
mail/pkg/usecase/session/session_service.go:31.81,33.2 1 0
mail/pkg/usecase/session/session_service.go:36.76,38.2 1 0
mail/pkg/usecase/session/session_service.go:41.58,43.2 1 0
mail/pkg/usecase/user/user_service.go:16.66,20.2 1 0
mail/pkg/usecase/user/user_service.go:23.78,25.2 1 0
mail/pkg/usecase/user/user_service.go:28.87,30.2 1 0
mail/pkg/usecase/user/user_service.go:33.96,35.2 1 0
mail/pkg/usecase/user/user_service.go:38.94,40.2 1 0
mail/pkg/usecase/user/user_service.go:43.77,45.16 2 0
mail/pkg/usecase/user/user_service.go:45.16,47.3 1 0
mail/pkg/usecase/user/user_service.go:49.2,49.26 1 0
mail/pkg/usecase/user/user_service.go:49.26,50.23 1 0
mail/pkg/usecase/user/user_service.go:50.23,52.4 1 0
mail/pkg/usecase/user/user_service.go:55.2,55.18 1 0
mail/pkg/usecase/user/user_service.go:59.97,61.16 2 0
mail/pkg/usecase/user/user_service.go:61.16,63.3 1 0
mail/pkg/usecase/user/user_service.go:65.2,65.90 1 0
mail/pkg/usecase/user/user_service.go:65.90,67.3 1 0
mail/pkg/usecase/user/user_service.go:68.2,68.84 1 0
mail/pkg/usecase/user/user_service.go:68.84,70.3 1 0
mail/pkg/usecase/user/user_service.go:71.2,71.93 1 0
mail/pkg/usecase/user/user_service.go:71.93,73.3 1 0
mail/pkg/usecase/user/user_service.go:74.2,74.78 1 0
mail/pkg/usecase/user/user_service.go:74.78,76.3 1 0
mail/pkg/usecase/user/user_service.go:77.2,77.47 1 0
mail/pkg/usecase/user/user_service.go:77.47,79.3 1 0
mail/pkg/usecase/user/user_service.go:80.2,80.96 1 0
mail/pkg/usecase/user/user_service.go:80.96,82.3 1 0
mail/pkg/usecase/user/user_service.go:83.2,83.96 1 0
mail/pkg/usecase/user/user_service.go:83.96,85.3 1 0
mail/pkg/usecase/user/user_service.go:86.2,86.87 1 0
mail/pkg/usecase/user/user_service.go:86.87,88.3 1 0
mail/pkg/usecase/user/user_service.go:90.2,91.16 2 0
mail/pkg/usecase/user/user_service.go:91.16,93.3 1 0
mail/pkg/usecase/user/user_service.go:94.2,94.13 1 0
mail/pkg/usecase/user/user_service.go:94.13,96.3 1 0
mail/pkg/usecase/user/user_service.go:98.2,98.21 1 0
mail/pkg/usecase/user/user_service.go:102.82,104.2 1 0
mail/MessageSMTP/main.go:48.53,50.2 1 0
mail/MessageSMTP/main.go:52.76,54.2 1 0
mail/MessageSMTP/main.go:56.72,57.10 1 0
mail/MessageSMTP/main.go:57.10,58.29 1 0
mail/MessageSMTP/main.go:59.20,60.34 1 0
mail/MessageSMTP/main.go:61.20,62.34 1 0
mail/MessageSMTP/main.go:63.11,64.49 1 0
mail/MessageSMTP/main.go:67.2,67.17 1 0
mail/MessageSMTP/main.go:70.13,93.16 12 0
mail/MessageSMTP/main.go:93.16,95.3 1 0
mail/MessageSMTP/main.go:97.2,97.19 1 0
mail/cmd/mail/main.go:45.13,59.16 10 0
mail/cmd/mail/main.go:59.16,61.3 1 0
mail/cmd/mail/main.go:62.2,68.21 4 0
mail/cmd/mail/main.go:71.20,73.16 2 0
mail/cmd/mail/main.go:73.16,75.3 1 0
mail/cmd/mail/main.go:77.2,77.18 1 0
mail/cmd/mail/main.go:80.35,84.16 3 0
mail/cmd/mail/main.go:84.16,86.3 1 0
mail/cmd/mail/main.go:88.2,89.16 2 0
mail/cmd/mail/main.go:89.16,91.3 1 0
mail/cmd/mail/main.go:93.2,95.11 2 0
mail/cmd/mail/main.go:98.34,104.25 3 0
mail/cmd/mail/main.go:104.25,106.3 1 0
mail/cmd/mail/main.go:109.69,118.2 6 0
mail/cmd/mail/main.go:120.104,128.2 3 0
mail/cmd/mail/main.go:130.107,138.2 3 0
mail/cmd/mail/main.go:140.104,148.2 3 0
mail/cmd/mail/main.go:150.54,156.2 4 0
mail/cmd/mail/main.go:158.166,174.2 10 0
mail/cmd/mail/main.go:176.135,186.2 7 0
mail/cmd/mail/main.go:188.134,205.2 14 0
mail/cmd/mail/main.go:207.39,223.16 7 0
mail/cmd/mail/main.go:223.16,225.3 1 0
mail/cmd/mail/main.go:228.92,230.12 2 0
mail/cmd/mail/main.go:230.12,231.7 1 0
mail/cmd/mail/main.go:231.7,232.11 1 0
mail/cmd/mail/main.go:233.20,235.19 2 0
mail/cmd/mail/main.go:235.19,237.6 1 0
mail/docs/docs.go:857.13,859.2 1 0
mail/pkg/delivery/response.go:22.73,30.2 4 1
mail/pkg/delivery/response.go:33.69,41.2 4 1
mail/pkg/delivery/auth/auth_handler.go:29.58,31.2 1 0
mail/pkg/delivery/auth/auth_handler.go:34.40,38.2 2 0
mail/pkg/delivery/auth/auth_handler.go:52.70,55.16 3 0
mail/pkg/delivery/auth/auth_handler.go:55.16,58.3 2 0
mail/pkg/delivery/auth/auth_handler.go:60.2,63.65 3 0
mail/pkg/delivery/auth/auth_handler.go:63.65,66.3 2 0
mail/pkg/delivery/auth/auth_handler.go:68.2,68.44 1 0
mail/pkg/delivery/auth/auth_handler.go:68.44,71.3 2 0
mail/pkg/delivery/auth/auth_handler.go:73.2,74.9 2 0
mail/pkg/delivery/auth/auth_handler.go:74.9,76.3 1 0
mail/pkg/delivery/auth/auth_handler.go:78.2,79.16 2 0
mail/pkg/delivery/auth/auth_handler.go:79.16,82.3 2 0
mail/pkg/delivery/auth/auth_handler.go:84.2,85.15 2 0
mail/pkg/delivery/auth/auth_handler.go:85.15,88.3 2 0
mail/pkg/delivery/auth/auth_handler.go:90.2,90.97 1 0
mail/pkg/delivery/auth/auth_handler.go:104.71,107.16 3 0
mail/pkg/delivery/auth/auth_handler.go:107.16,110.3 2 0
mail/pkg/delivery/auth/auth_handler.go:112.2,121.156 9 0
mail/pkg/delivery/auth/auth_handler.go:121.156,124.3 2 0
mail/pkg/delivery/auth/auth_handler.go:126.2,126.40 1 0
mail/pkg/delivery/auth/auth_handler.go:126.40,129.3 2 0
mail/pkg/delivery/auth/auth_handler.go:131.2,132.9 2 0
mail/pkg/delivery/auth/auth_handler.go:132.9,134.3 1 0
mail/pkg/delivery/auth/auth_handler.go:136.2,137.18 2 0
mail/pkg/delivery/auth/auth_handler.go:137.18,140.3 2 0
mail/pkg/delivery/auth/auth_handler.go:142.2,143.15 2 0
mail/pkg/delivery/auth/auth_handler.go:143.15,146.3 2 0
mail/pkg/delivery/auth/auth_handler.go:148.2,148.98 1 0
mail/pkg/delivery/auth/auth_handler.go:158.71,160.9 2 0
mail/pkg/delivery/auth/auth_handler.go:160.9,162.3 1 0
mail/pkg/delivery/auth/auth_handler.go:164.2,165.16 2 0
mail/pkg/delivery/auth/auth_handler.go:165.16,168.3 2 0
mail/pkg/delivery/auth/auth_handler.go:170.2,170.98 1 0
mail/pkg/delivery/auth/auth_handler.go:175.31,177.2 1 0
mail/pkg/delivery/auth/auth_handler.go:180.44,184.2 2 0
mail/pkg/delivery/converters/email_converter.go:9.74,24.2 1 0
mail/pkg/delivery/converters/email_converter.go:27.75,42.2 1 0
mail/pkg/delivery/converters/session_converter.go:9.88,18.2 1 0
mail/pkg/delivery/converters/session_converter.go:21.87,30.2 1 0
mail/pkg/delivery/converters/user_converter.go:9.64,22.2 1 1
mail/pkg/delivery/converters/user_converter.go:25.63,39.2 1 1
mail/pkg/delivery/email/email_handler.go:33.40,37.2 3 0
mail/pkg/delivery/email/email_handler.go:50.73,52.9 2 0
mail/pkg/delivery/email/email_handler.go:52.9,54.3 1 0
mail/pkg/delivery/email/email_handler.go:56.2,57.16 2 0
mail/pkg/delivery/email/email_handler.go:57.16,60.3 2 0
mail/pkg/delivery/email/email_handler.go:62.2,63.16 2 0
mail/pkg/delivery/email/email_handler.go:63.16,66.3 2 0
mail/pkg/delivery/email/email_handler.go:68.2,69.16 2 0
mail/pkg/delivery/email/email_handler.go:69.16,72.3 2 0
mail/pkg/delivery/email/email_handler.go:74.2,75.31 2 0
mail/pkg/delivery/email/email_handler.go:75.31,77.3 1 0
mail/pkg/delivery/email/email_handler.go:79.2,79.87 1 0
mail/pkg/delivery/email/email_handler.go:93.69,95.9 2 0
mail/pkg/delivery/email/email_handler.go:95.9,97.3 1 0
mail/pkg/delivery/email/email_handler.go:99.2,100.16 2 0
mail/pkg/delivery/email/email_handler.go:100.16,103.3 2 0
mail/pkg/delivery/email/email_handler.go:105.2,106.16 2 0
mail/pkg/delivery/email/email_handler.go:106.16,109.3 2 0
mail/pkg/delivery/email/email_handler.go:111.2,112.16 2 0
mail/pkg/delivery/email/email_handler.go:112.16,115.3 2 0
mail/pkg/delivery/email/email_handler.go:117.2,118.31 2 0
mail/pkg/delivery/email/email_handler.go:118.31,120.3 1 0
mail/pkg/delivery/email/email_handler.go:122.2,122.87 1 0
mail/pkg/delivery/email/email_handler.go:137.72,140.16 3 0
mail/pkg/delivery/email/email_handler.go:140.16,143.3 2 0
mail/pkg/delivery/email/email_handler.go:145.2,146.9 2 0
mail/pkg/delivery/email/email_handler.go:146.9,148.3 1 0
mail/pkg/delivery/email/email_handler.go:150.2,151.16 2 0
mail/pkg/delivery/email/email_handler.go:151.16,154.3 2 0
mail/pkg/delivery/email/email_handler.go:156.2,157.16 2 0
mail/pkg/delivery/email/email_handler.go:157.16,160.3 2 0
mail/pkg/delivery/email/email_handler.go:162.2,163.16 2 0
mail/pkg/delivery/email/email_handler.go:163.16,166.3 2 0
mail/pkg/delivery/email/email_handler.go:168.2,168.117 1 0
mail/pkg/delivery/email/email_handler.go:184.69,189.16 5 0
mail/pkg/delivery/email/email_handler.go:189.16,192.3 2 0
mail/pkg/delivery/email/email_handler.go:194.2,203.9 9 0
mail/pkg/delivery/email/email_handler.go:203.9,205.3 1 0
mail/pkg/delivery/email/email_handler.go:207.2,207.9 1 0
mail/pkg/delivery/email/email_handler.go:208.71,210.17 2 0
mail/pkg/delivery/email/email_handler.go:210.17,213.4 2 0
mail/pkg/delivery/email/email_handler.go:215.3,216.17 2 0
[...]
mail/pkg/delivery/user/user_handler.go:185.2,185.14 1 0
mail/pkg/delivery/user/user_handler.go:185.14,188.3 2 0
mail/pkg/delivery/user/user_handler.go:190.2,190.111 1 0
mail/pkg/delivery/user/user_handler.go:206.81,208.16 2 0
mail/pkg/delivery/user/user_handler.go:208.16,211.3 2 0
mail/pkg/delivery/user/user_handler.go:213.2,214.16 2 0
mail/pkg/delivery/user/user_handler.go:214.16,217.3 2 0
mail/pkg/delivery/user/user_handler.go:218.2,220.38 2 0
mail/pkg/delivery/user/user_handler.go:220.38,223.3 2 0
mail/pkg/delivery/user/user_handler.go:225.2,228.16 4 0
mail/pkg/delivery/user/user_handler.go:228.16,231.3 2 0
mail/pkg/delivery/user/user_handler.go:232.2,235.16 3 0
mail/pkg/delivery/user/user_handler.go:235.16,238.3 2 0
mail/pkg/delivery/user/user_handler.go:240.2,241.9 2 0
mail/pkg/delivery/user/user_handler.go:241.9,243.3 1 0
mail/pkg/delivery/user/user_handler.go:245.2,247.16 3 0
mail/pkg/delivery/user/user_handler.go:247.16,250.3 2 0
mail/pkg/delivery/user/user_handler.go:252.2,254.16 3 0
mail/pkg/delivery/user/user_handler.go:254.16,257.3 2 0
mail/pkg/delivery/user/user_handler.go:258.2,260.107 2 0
mail/pkg/delivery/user/user_handler.go:264.51,272.2 5 0
mail/pkg/domain/logger/logger.go:30.65,32.19 2 0
mail/pkg/domain/logger/logger.go:32.19,33.22 1 0
mail/pkg/domain/logger/logger.go:34.25,35.114 1 0
mail/pkg/domain/logger/logger.go:36.25,37.117 1 0
mail/pkg/domain/logger/logger.go:38.26,39.115 1 0
mail/pkg/domain/logger/logger.go:40.45,41.118 1 0
mail/pkg/domain/logger/logger.go:42.11,43.117 1 0
mail/pkg/domain/logger/logger.go:45.8,47.3 1 0
mail/pkg/domain/logger/logger.go:49.2,50.16 2 0
mail/pkg/domain/logger/logger.go:50.16,52.3 1 0
mail/pkg/domain/logger/logger.go:53.2,61.51 7 0
mail/pkg/domain/logger/logger.go:61.51,67.3 5 0
mail/pkg/domain/logger/logger.go:67.8,67.54 1 0
mail/pkg/domain/logger/logger.go:67.54,70.3 2 0
mail/pkg/domain/logger/logger.go:71.2,71.28 1 0
mail/pkg/domain/logger/logger.go:74.52,91.2 3 0
mail/pkg/domain/logger/logger.go:93.55,110.2 3 0
mail/pkg/domain/logger/logger.go:112.45,116.2 3 0
mail/pkg/domain/logger/logger.go:118.106,120.25 2 0
mail/pkg/domain/logger/logger.go:120.25,122.3 1 0
mail/pkg/domain/logger/logger.go:123.2,132.17 3 0
mail/pkg/domain/logger/logger.go:132.17,134.3 1 0
mail/pkg/domain/logger/logger.go:134.8,136.3 1 0
mail/pkg/domain/mock/email_repository_mock.go:26.75,30.2 3 0
mail/pkg/domain/mock/email_repository_mock.go:33.73,35.2 1 0
mail/pkg/domain/mock/email_repository_mock.go:38.104,45.2 6 0
mail/pkg/domain/mock/email_repository_mock.go:48.91,51.2 2 0
mail/pkg/domain/mock/email_repository_mock.go:54.106,59.2 4 0
mail/pkg/domain/mock/email_repository_mock.go:62.125,65.2 2 0
mail/pkg/domain/mock/email_repository_mock.go:68.88,74.2 5 0
mail/pkg/domain/mock/email_repository_mock.go:77.98,80.2 2 0
mail/pkg/domain/mock/email_repository_mock.go:83.72,88.2 4 0
mail/pkg/domain/mock/email_repository_mock.go:91.97,94.2 2 0
mail/pkg/domain/mock/email_repository_mock.go:97.115,103.2 5 0
mail/pkg/domain/mock/email_repository_mock.go:106.117,109.2 2 0
mail/pkg/domain/mock/email_repository_mock.go:112.111,118.2 5 0
mail/pkg/domain/mock/email_repository_mock.go:121.113,124.2 2 0
mail/pkg/domain/mock/email_repository_mock.go:127.98,133.2 5 0
mail/pkg/domain/mock/email_repository_mock.go:136.99,139.2 2 0
mail/pkg/domain/mock/email_repository_mock.go:142.94,148.2 5 0
mail/pkg/domain/mock/email_repository_mock.go:151.97,154.2 2 0
mail/pkg/domain/mock/email_service_mock.go:26.69,30.2 3 0
mail/pkg/domain/mock/email_service_mock.go:33.67,35.2 1 0
mail/pkg/domain/mock/email_service_mock.go:38.83,43.2 4 0
mail/pkg/domain/mock/email_service_mock.go:46.108,49.2 2 0
mail/pkg/domain/mock/email_service_mock.go:52.112,59.2 6 0
mail/pkg/domain/mock/email_service_mock.go:62.99,65.2 2 0
mail/pkg/domain/mock/email_service_mock.go:68.106,73.2 4 0
mail/pkg/domain/mock/email_service_mock.go:76.125,79.2 2 0
mail/pkg/domain/mock/email_service_mock.go:82.90,88.2 5 0
mail/pkg/domain/mock/email_service_mock.go:91.100,94.2 2 0
mail/pkg/domain/mock/email_service_mock.go:97.118,103.2 5 0
mail/pkg/domain/mock/email_service_mock.go:106.120,109.2 2 0
mail/pkg/domain/mock/email_service_mock.go:112.114,118.2 5 0
mail/pkg/domain/mock/email_service_mock.go:121.116,124.2 2 0
mail/pkg/domain/mock/email_service_mock.go:127.100,133.2 5 0
mail/pkg/domain/mock/email_service_mock.go:136.101,139.2 2 0
mail/pkg/domain/mock/email_service_mock.go:142.100,148.2 5 0
mail/pkg/domain/mock/email_service_mock.go:151.103,154.2 2 0
mail/pkg/domain/mock/manager_mock.go:27.75,31.2 3 0
mail/pkg/domain/mock/manager_mock.go:34.73,36.2 1 0
mail/pkg/domain/mock/manager_mock.go:39.97,45.2 5 0
mail/pkg/domain/mock/manager_mock.go:48.89,51.2 2 0
mail/pkg/domain/mock/manager_mock.go:54.90,59.2 4 0
mail/pkg/domain/mock/manager_mock.go:62.101,65.2 2 0
mail/pkg/domain/mock/manager_mock.go:68.119,74.2 5 0
mail/pkg/domain/mock/manager_mock.go:77.98,80.2 2 0
mail/pkg/domain/mock/manager_mock.go:83.110,88.2 4 0
mail/pkg/domain/mock/manager_mock.go:91.101,94.2 2 0
mail/pkg/domain/mock/manager_mock.go:97.100,103.2 5 0
mail/pkg/domain/mock/manager_mock.go:106.101,109.2 2 0
mail/pkg/domain/mock/manager_mock.go:112.93,117.2 4 0
mail/pkg/domain/mock/manager_mock.go:120.94,123.2 2 0
mail/pkg/domain/mock/session_repository_mock.go:26.79,30.2 3 0
mail/pkg/domain/mock/session_repository_mock.go:33.77,35.2 1 0
mail/pkg/domain/mock/session_repository_mock.go:38.118,44.2 5 0
mail/pkg/domain/mock/session_repository_mock.go:47.122,50.2 2 0
mail/pkg/domain/mock/session_repository_mock.go:53.63,58.2 4 0
mail/pkg/domain/mock/session_repository_mock.go:61.83,64.2 2 0
mail/pkg/domain/mock/session_repository_mock.go:67.86,72.2 4 0
mail/pkg/domain/mock/session_repository_mock.go:75.111,78.2 2 0
mail/pkg/domain/mock/session_repository_mock.go:81.98,87.2 5 0
mail/pkg/domain/mock/session_repository_mock.go:90.113,93.2 2 0
mail/pkg/domain/mock/session_repository_mock.go:96.102,102.2 5 0
mail/pkg/domain/mock/session_repository_mock.go:105.108,108.2 2 0
mail/pkg/domain/mock/session_service_mock.go:26.73,30.2 3 0
mail/pkg/domain/mock/session_service_mock.go:33.71,35.2 1 0
mail/pkg/domain/mock/session_service_mock.go:38.61,43.2 4 0
mail/pkg/domain/mock/session_service_mock.go:46.81,49.2 2 0
mail/pkg/domain/mock/session_service_mock.go:52.118,58.2 5 0
mail/pkg/domain/mock/session_service_mock.go:61.122,64.2 2 0
mail/pkg/domain/mock/session_service_mock.go:67.79,72.2 4 0
mail/pkg/domain/mock/session_service_mock.go:75.104,78.2 2 0
mail/pkg/domain/mock/session_service_mock.go:81.84,87.2 5 0
mail/pkg/domain/mock/session_service_mock.go:90.99,93.2 2 0
mail/pkg/domain/mock/session_service_mock.go:96.95,102.2 5 0
mail/pkg/domain/mock/session_service_mock.go:105.101,108.2 2 0
mail/pkg/domain/mock/user_repository_mock.go:26.73,30.2 3 1
mail/pkg/domain/mock/user_repository_mock.go:33.71,35.2 1 1
mail/pkg/domain/mock/user_repository_mock.go:38.93,44.2 5 1
mail/pkg/domain/mock/user_repository_mock.go:47.89,50.2 2 1
mail/pkg/domain/mock/user_repository_mock.go:53.80,59.2 5 1
mail/pkg/domain/mock/user_repository_mock.go:62.90,65.2 2 1
mail/pkg/domain/mock/user_repository_mock.go:68.98,74.2 5 1
mail/pkg/domain/mock/user_repository_mock.go:77.101,80.2 2 1
mail/pkg/domain/mock/user_repository_mock.go:83.89,89.2 5 1
mail/pkg/domain/mock/user_repository_mock.go:92.91,95.2 2 1
mail/pkg/domain/mock/user_repository_mock.go:98.102,104.2 5 1
mail/pkg/domain/mock/user_repository_mock.go:107.111,110.2 2 1
mail/pkg/domain/mock/user_repository_mock.go:113.91,119.2 5 1
mail/pkg/domain/mock/user_repository_mock.go:122.95,125.2 2 1
mail/pkg/domain/mock/user_service_mock.go:26.67,30.2 3 0
mail/pkg/domain/mock/user_service_mock.go:33.65,35.2 1 0
mail/pkg/domain/mock/user_service_mock.go:38.97,44.2 5 0
mail/pkg/domain/mock/user_service_mock.go:47.93,50.2 2 0
mail/pkg/domain/mock/user_service_mock.go:53.85,59.2 5 0
mail/pkg/domain/mock/user_service_mock.go:62.95,65.2 2 0
mail/pkg/domain/mock/user_service_mock.go:68.81,74.2 5 0
mail/pkg/domain/mock/user_service_mock.go:77.88,80.2 2 0
mail/pkg/domain/mock/user_service_mock.go:83.90,89.2 5 0
mail/pkg/domain/mock/user_service_mock.go:92.92,95.2 2 0
mail/pkg/domain/mock/user_service_mock.go:98.99,104.2 5 0
mail/pkg/domain/mock/user_service_mock.go:107.108,110.2 2 0
mail/pkg/domain/mock/user_service_mock.go:113.80,119.2 5 0
mail/pkg/domain/mock/user_service_mock.go:122.97,125.2 2 0
mail/pkg/domain/mock/user_service_mock.go:128.100,134.2 5 0
mail/pkg/domain/mock/user_service_mock.go:137.96,140.2 2 0
mail/pkg/domain/models/gender.go:12.44,13.16 1 1
mail/pkg/domain/models/gender.go:14.27,15.14 1 1
mail/pkg/domain/models/gender.go:16.10,17.15 1 0
mail/pkg/repository/converters/email_converter.go:9.70,12.40 2 0
mail/pkg/repository/converters/email_converter.go:12.40,14.3 1 0
mail/pkg/repository/converters/email_converter.go:14.8,16.3 1 0
mail/pkg/repository/converters/email_converter.go:18.2,31.3 1 0
mail/pkg/repository/converters/email_converter.go:35.72,51.40 2 0
mail/pkg/repository/converters/email_converter.go:51.40,53.3 1 0
mail/pkg/repository/converters/email_converter.go:55.2,55.16 1 0
mail/pkg/repository/converters/session_converter.go:9.84,18.2 1 0
mail/pkg/repository/converters/session_converter.go:21.86,30.2 1 0
mail/pkg/repository/converters/user_converter.go:9.66,22.2 1 0
mail/pkg/repository/converters/user_converter.go:25.68,39.2 1 0
mail/pkg/repository/postgres/email/email_repo.go:22.55,24.16 2 0
mail/pkg/repository/postgres/email/email_repo.go:24.16,26.3 1 0
mail/pkg/repository/postgres/email/email_repo.go:27.2,28.33 2 0
mail/pkg/repository/postgres/email/email_repo.go:31.109,45.16 9 0
mail/pkg/repository/postgres/email/email_repo.go:45.16,47.3 1 0
mail/pkg/repository/postgres/email/email_repo.go:49.2,49.32 1 0
mail/pkg/repository/postgres/email/email_repo.go:52.102,62.16 6 0
mail/pkg/repository/postgres/email/email_repo.go:62.16,64.3 1 0
mail/pkg/repository/postgres/email/email_repo.go:66.2,66.12 1 0
mail/pkg/repository/postgres/email/email_repo.go:70.68,79.16 7 0
mail/pkg/repository/postgres/email/email_repo.go:79.16,81.3 1 0
mail/pkg/repository/postgres/email/email_repo.go:83.2,83.12 1 0
mail/pkg/repository/postgres/email/email_repo.go:86.111,97.30 6 0
mail/pkg/repository/postgres/email/email_repo.go:97.30,101.3 3 0
mail/pkg/repository/postgres/email/email_repo.go:101.8,104.3 2 0
mail/pkg/repository/postgres/email/email_repo.go:105.2,107.16 2 0
mail/pkg/repository/postgres/email/email_repo.go:107.16,108.36 1 0
mail/pkg/repository/postgres/email/email_repo.go:108.36,110.4 1 0
mail/pkg/repository/postgres/email/email_repo.go:111.3,111.18 1 0
mail/pkg/repository/postgres/email/email_repo.go:114.2,115.34 2 0
mail/pkg/repository/postgres/email/email_repo.go:115.34,117.3 1 0
mail/pkg/repository/postgres/email/email_repo.go:119.2,119.29 1 0
mail/pkg/repository/postgres/email/email_repo.go:122.107,133.30 6 0
mail/pkg/repository/postgres/email/email_repo.go:133.30,137.3 3 0
mail/pkg/repository/postgres/email/email_repo.go:137.8,140.3 2 0
mail/pkg/repository/postgres/email/email_repo.go:141.2,143.16 2 0
mail/pkg/repository/postgres/email/email_repo.go:143.16,144.36 1 0
mail/pkg/repository/postgres/email/email_repo.go:144.36,146.4 1 0
mail/pkg/repository/postgres/email/email_repo.go:147.3,147.18 1 0
mail/pkg/repository/postgres/email/email_repo.go:150.2,151.34 2 0
mail/pkg/repository/postgres/email/email_repo.go:151.34,154.3 2 0
mail/pkg/repository/postgres/email/email_repo.go:156.2,156.29 1 0
mail/pkg/repository/postgres/email/email_repo.go:159.94,169.16 7 0
mail/pkg/repository/postgres/email/email_repo.go:169.16,170.36 1 0
mail/pkg/repository/postgres/email/email_repo.go:170.36,172.4 1 0
mail/pkg/repository/postgres/email/email_repo.go:173.3,173.18 1 0
mail/pkg/repository/postgres/email/email_repo.go:176.2,176.59 1 0
mail/pkg/repository/postgres/email/email_repo.go:179.90,201.16 7 0
mail/pkg/repository/postgres/email/email_repo.go:201.16,203.3 1 0
mail/pkg/repository/postgres/email/email_repo.go:205.2,206.16 2 0
mail/pkg/repository/postgres/email/email_repo.go:206.16,208.3 1 0
mail/pkg/repository/postgres/email/email_repo.go:210.2,210.23 1 0
mail/pkg/repository/postgres/email/email_repo.go:210.23,213.3 2 0
mail/pkg/repository/postgres/email/email_repo.go:215.2,215.18 1 0
mail/pkg/repository/postgres/email/email_repo.go:218.84,225.16 6 0
mail/pkg/repository/postgres/email/email_repo.go:225.16,227.3 1 0
mail/pkg/repository/postgres/email/email_repo.go:229.2,230.16 2 0
mail/pkg/repository/postgres/email/email_repo.go:230.16,232.3 1 0
mail/pkg/repository/postgres/email/email_repo.go:234.2,234.23 1 0
mail/pkg/repository/postgres/email/email_repo.go:234.23,237.3 2 0
mail/pkg/repository/postgres/email/email_repo.go:239.2,239.18 1 0
mail/pkg/repository/postgres/session/session_repo.go:27.59,29.16 2 0
mail/pkg/repository/postgres/session/session_repo.go:29.16,31.3 1 0
mail/pkg/repository/postgres/session/session_repo.go:32.2,35.3 2 0
mail/pkg/repository/postgres/session/session_repo.go:42.54,47.2 3 0
mail/pkg/repository/postgres/session/session_repo.go:50.117,65.16 9 0
mail/pkg/repository/postgres/session/session_repo.go:65.16,67.3 1 0
mail/pkg/repository/postgres/session/session_repo.go:69.2,69.16 1 0
mail/pkg/repository/postgres/session/session_repo.go:73.101,82.16 7 0
mail/pkg/repository/postgres/session/session_repo.go:82.16,84.3 1 0
mail/pkg/repository/postgres/session/session_repo.go:86.2,86.56 1 0
mail/pkg/repository/postgres/session/session_repo.go:90.97,103.16 7 0
mail/pkg/repository/postgres/session/session_repo.go:103.16,105.3 1 0
mail/pkg/repository/postgres/session/session_repo.go:107.2,107.19 1 0
mail/pkg/repository/postgres/session/session_repo.go:111.85,119.16 6 0
mail/pkg/repository/postgres/session/session_repo.go:119.16,121.3 1 0
mail/pkg/repository/postgres/session/session_repo.go:123.2,123.12 1 0
mail/pkg/repository/postgres/session/session_repo.go:127.62,135.16 6 0
mail/pkg/repository/postgres/session/session_repo.go:135.16,137.3 1 0
mail/pkg/repository/postgres/session/session_repo.go:139.2,139.12 1 0
mail/pkg/repository/postgres/user/user_repo.go:30.53,32.16 2 0
mail/pkg/repository/postgres/user/user_repo.go:32.16,34.3 1 0
mail/pkg/repository/postgres/user/user_repo.go:35.2,36.32 2 0
mail/pkg/repository/postgres/user/user_repo.go:43.72,45.16 2 0
mail/pkg/repository/postgres/user/user_repo.go:45.16,47.3 1 0
mail/pkg/repository/postgres/user/user_repo.go:49.2,49.28 1 0
mail/pkg/repository/postgres/user/user_repo.go:56.72,60.2 2 0
mail/pkg/repository/postgres/user/user_repo.go:66.56,70.16 3 0
mail/pkg/repository/postgres/user/user_repo.go:70.16,73.3 1 0
mail/pkg/repository/postgres/user/user_repo.go:75.2,77.21 2 0
mail/pkg/repository/postgres/user/user_repo.go:81.94,89.30 6 0
mail/pkg/repository/postgres/user/user_repo.go:89.30,92.3 2 0
mail/pkg/repository/postgres/user/user_repo.go:92.8,94.3 1 0
mail/pkg/repository/postgres/user/user_repo.go:95.2,97.16 2 0
mail/pkg/repository/postgres/user/user_repo.go:97.16,99.3 1 0
mail/pkg/repository/postgres/user/user_repo.go:101.2,102.43 2 0
mail/pkg/repository/postgres/user/user_repo.go:102.43,104.3 1 0
mail/pkg/repository/postgres/user/user_repo.go:106.2,106.23 1 0
mail/pkg/repository/postgres/user/user_repo.go:110.85,120.16 7 0
mail/pkg/repository/postgres/user/user_repo.go:120.16,121.36 1 0
mail/pkg/repository/postgres/user/user_repo.go:121.36,123.4 1 0
mail/pkg/repository/postgres/user/user_repo.go:125.3,125.18 1 0
mail/pkg/repository/postgres/user/user_repo.go:128.2,128.57 1 0
mail/pkg/repository/postgres/user/user_repo.go:132.98,142.16 7 0
mail/pkg/repository/postgres/user/user_repo.go:142.16,143.36 1 0
mail/pkg/repository/postgres/user/user_repo.go:143.36,145.4 1 0
mail/pkg/repository/postgres/user/user_repo.go:147.3,147.18 1 0
mail/pkg/repository/postgres/user/user_repo.go:150.2,150.55 1 0
mail/pkg/repository/postgres/user/user_repo.go:150.55,152.3 1 0
mail/pkg/repository/postgres/user/user_repo.go:152.8,155.3 2 0
mail/pkg/repository/postgres/user/user_repo.go:159.98,170.13 6 0
mail/pkg/repository/postgres/user/user_repo.go:170.13,172.3 1 0
mail/pkg/repository/postgres/user/user_repo.go:174.2,178.16 4 0
mail/pkg/repository/postgres/user/user_repo.go:178.16,180.3 1 0
mail/pkg/repository/postgres/user/user_repo.go:182.2,182.27 1 0
mail/pkg/repository/postgres/user/user_repo.go:186.91,231.16 7 0
mail/pkg/repository/postgres/user/user_repo.go:231.16,233.3 1 0
mail/pkg/repository/postgres/user/user_repo.go:235.2,236.16 2 0
mail/pkg/repository/postgres/user/user_repo.go:236.16,238.3 1 0
mail/pkg/repository/postgres/user/user_repo.go:240.2,240.23 1 0
mail/pkg/repository/postgres/user/user_repo.go:240.23,243.3 2 0
mail/pkg/repository/postgres/user/user_repo.go:245.2,245.18 1 0
mail/pkg/repository/postgres/user/user_repo.go:249.76,258.16 6 0
mail/pkg/repository/postgres/user/user_repo.go:258.16,260.3 1 0
mail/pkg/repository/postgres/user/user_repo.go:262.2,263.16 2 0
mail/pkg/repository/postgres/user/user_repo.go:263.16,265.3 1 0
mail/pkg/repository/postgres/user/user_repo.go:267.2,267.23 1 0
mail/pkg/repository/postgres/user/user_repo.go:267.23,270.3 2 0
mail/pkg/repository/postgres/user/user_repo.go:272.2,272.18 1 0
mail/pkg/usecase/email/email_service.go:14.69,18.2 1 0
mail/pkg/usecase/email/email_service.go:21.115,23.2 1 0
mail/pkg/usecase/email/email_service.go:26.111,28.2 1 0
mail/pkg/usecase/email/email_service.go:31.97,33.2 1 0
mail/pkg/usecase/email/email_service.go:36.109,38.2 1 0
mail/pkg/usecase/email/email_service.go:41.103,43.2 1 0
mail/pkg/usecase/email/email_service.go:46.80,47.62 1 0
mail/pkg/usecase/email/email_service.go:47.62,49.3 1 0
mail/pkg/usecase/email/email_service.go:50.2,50.12 1 0
mail/pkg/usecase/email/email_service.go:54.97,56.2 1 0
mail/pkg/usecase/email/email_service.go:59.87,61.2 1 0
mail/pkg/usecase/session/session_service.go:14.75,18.2 1 0
mail/pkg/usecase/session/session_service.go:21.115,23.2 1 0
mail/pkg/usecase/session/session_service.go:26.92,28.2 1 0
mail/pkg/usecase/session/session_service.go:31.81,33.2 1 0
mail/pkg/usecase/session/session_service.go:36.76,38.2 1 0
mail/pkg/usecase/session/session_service.go:41.58,43.2 1 0
mail/pkg/usecase/user/user_service.go:16.66,20.2 1 1
mail/pkg/usecase/user/user_service.go:23.78,25.2 1 1
mail/pkg/usecase/user/user_service.go:28.87,30.2 1 1
mail/pkg/usecase/user/user_service.go:33.96,35.2 1 1
mail/pkg/usecase/user/user_service.go:38.94,40.2 1 1
mail/pkg/usecase/user/user_service.go:43.77,45.16 2 1
mail/pkg/usecase/user/user_service.go:45.16,47.3 1 1
mail/pkg/usecase/user/user_service.go:49.2,49.26 1 1
mail/pkg/usecase/user/user_service.go:49.26,50.23 1 1
mail/pkg/usecase/user/user_service.go:50.23,52.4 1 1
mail/pkg/usecase/user/user_service.go:55.2,55.18 1 1
mail/pkg/usecase/user/user_service.go:59.97,61.16 2 1
mail/pkg/usecase/user/user_service.go:61.16,63.3 1 1
mail/pkg/usecase/user/user_service.go:65.2,65.90 1 1
mail/pkg/usecase/user/user_service.go:65.90,67.3 1 1
mail/pkg/usecase/user/user_service.go:68.2,68.84 1 1
mail/pkg/usecase/user/user_service.go:68.84,70.3 1 1
mail/pkg/usecase/user/user_service.go:71.2,71.93 1 1
mail/pkg/usecase/user/user_service.go:71.93,73.3 1 1
mail/pkg/usecase/user/user_service.go:74.2,74.78 1 1
mail/pkg/usecase/user/user_service.go:74.78,76.3 1 0
mail/pkg/usecase/user/user_service.go:77.2,77.47 1 1
mail/pkg/usecase/user/user_service.go:77.47,79.3 1 1
mail/pkg/usecase/user/user_service.go:80.2,80.96 1 1
mail/pkg/usecase/user/user_service.go:80.96,82.3 1 1
mail/pkg/usecase/user/user_service.go:83.2,83.96 1 1
mail/pkg/usecase/user/user_service.go:83.96,85.3 1 1
mail/pkg/usecase/user/user_service.go:86.2,86.87 1 1
mail/pkg/usecase/user/user_service.go:86.87,88.3 1 0
mail/pkg/usecase/user/user_service.go:90.2,91.16 2 1
mail/pkg/usecase/user/user_service.go:91.16,93.3 1 1
mail/pkg/usecase/user/user_service.go:94.2,94.13 1 1
mail/pkg/usecase/user/user_service.go:94.13,96.3 1 0
mail/pkg/usecase/user/user_service.go:98.2,98.21 1 1
mail/pkg/usecase/user/user_service.go:102.82,104.2 1 1
